<?xml version="1.0" encoding="UTF-8"?>
<testsuite xmlns:xsi="http://www.w3.org/2001/XMLSchema-instance" xsi:noNamespaceSchemaLocation="https://maven.apache.org/surefire/maven-surefire-plugin/xsd/surefire-test-report-3.0.xsd" version="3.0" name="runner.CukesRunner" time="13.576" tests="11" errors="0" skipped="0" failures="7">
  <properties>
[...]
</properties>
  <testcase name="As a User I should get all API collections" classname="GET All Collection" time="5.335">
    <failure message="expected:&lt;[anonymous]&gt; but was:&lt;[Gabriël Metsu]&gt;" type="org.junit.ComparisonFailure"><![CDATA[org.junit.ComparisonFailure: expected:<[anonymous]> but was:<[Gabriël Metsu]>
	at org.junit.Assert.assertEquals(Assert.java:117)
	at org.junit.Assert.assertEquals(Assert.java:146)
	at services.Get_Collections.verifyCollections(Get_Collections.java:38)
	at Step_Defs.GetCollection_StepDefs.user_verify_the_status_code_and_body(GetCollection_StepDefs.java:17)
	at ✽.User verify the status code and body(file:///C:/Users/admin/IdeaProjects/Albert%20Heijn%20Assignment/src/test/resources/Features/Get_Collections.feature:7)
]]></failure>
    <system-out><![CDATA[Request method:	GET
Request URI:	https://www.rijksmuseum.nl/api/en/collection?key=0fiuZFh4&p=1&ps=100
Proxy:			<none>
Request params:	<none>
Query params:	key=0fiuZFh4
				p=1
				ps=100
Form params:	<none>
Path params:	culture=en
Headers:		Accept=*/*
				Content-Type=application/json
Cookies:		<none>
Multiparts:		<none>
Body:			<none>
]]></system-out>
  </testcase>
  <testcase name="As a user, I should see 100 data on 1 page." classname="GET All Collection" time="1.362">
    <failure message="expected:&lt;[anonymous]&gt; but was:&lt;[Gabriël Metsu]&gt;" type="org.junit.ComparisonFailure"><![CDATA[org.junit.ComparisonFailure: expected:<[anonymous]> but was:<[Gabriël Metsu]>
	at org.junit.Assert.assertEquals(Assert.java:117)
	at org.junit.Assert.assertEquals(Assert.java:146)
	at services.Get_Collections.verifyCollections(Get_Collections.java:38)
	at Step_Defs.GetCollection_StepDefs.user_verify_the_status_code_and_body(GetCollection_StepDefs.java:17)
	at ✽.User verify the status code and body(file:///C:/Users/admin/IdeaProjects/Albert%20Heijn%20Assignment/src/test/resources/Features/Get_Collections.feature:12)
]]></failure>
    <system-out><![CDATA[Request method:	GET
Request URI:	https://www.rijksmuseum.nl/api/en/collection?key=0fiuZFh4&p=1&ps=100
Proxy:			<none>
Request params:	<none>
Query params:	key=0fiuZFh4
				p=1
				ps=100
Form params:	<none>
Path params:	culture=en
Headers:		Accept=*/*
				Content-Type=application/json
Cookies:		<none>
Multiparts:		<none>
Body:			<none>
]]></system-out>
  </testcase>
  <testcase name="As a user I should get the maker data" classname="Get the maker data" time="0.338">
    <failure message="expected:&lt;[Farming Village at Twilight, Vincent van Gogh, 1884]&gt; but was:&lt;[Schelpenvisser, Vincent van Gogh (possibly), 1863 - 1890]&gt;" type="org.junit.ComparisonFailure"><![CDATA[org.junit.ComparisonFailure: expected:<[Farming Village at Twilight, Vincent van Gogh, 1884]> but was:<[Schelpenvisser, Vincent van Gogh (possibly), 1863 - 1890]>
	at org.junit.Assert.assertEquals(Assert.java:117)
	at org.junit.Assert.assertEquals(Assert.java:146)
	at services.InvolvedMaker.verifyMakerData(InvolvedMaker.java:44)
	at Step_Defs.InvolvedMaker_StepDefs.userVerifyThatTheStatusCodeShouldBe(InvolvedMaker_StepDefs.java:24)
	at ✽.User verify that the status code should be 200(file:///C:/Users/admin/IdeaProjects/Albert%20Heijn%20Assignment/src/test/resources/Features/involvedMaker.feature:6)
]]></failure>
    <system-out><![CDATA[Request method:	GET
Request URI:	https://www.rijksmuseum.nl/api/en/collection?key=0fiuZFh4&involvedMaker=Vincent%20van%20Gogh
Proxy:			<none>
Request params:	<none>
Query params:	key=0fiuZFh4
				involvedMaker=Vincent van Gogh
Form params:	<none>
Path params:	culture=en
Headers:		Accept=*/*
				Content-Type=application/json
Cookies:		<none>
Multiparts:		<none>
Body:			<none>
Request method:	GET
Request URI:	https://www.rijksmuseum.nl/api/en/collection?key=0fiuZFh4&involvedMaker=Vincent%20van%20Gogh
Proxy:			<none>
Request params:	<none>
Query params:	key=0fiuZFh4
				involvedMaker=Vincent van Gogh
Form params:	<none>
Path params:	culture=en
Headers:		Accept=*/*
				Content-Type=application/json
Cookies:		<none>
Multiparts:		<none>
Body:			<none>
]]></system-out>
  </testcase>
  <testcase name="As a user I should not get invalid maker data" classname="Get the maker data" time="0.327">
    <failure message="1 expectation failed.&#10;Expected status code &lt;404&gt; but was &lt;200&gt;.&#10;" type="java.lang.AssertionError"><![CDATA[java.lang.AssertionError: 
1 expectation failed.
Expected status code <404> but was <200>.

	at java.base/jdk.internal.reflect.NativeConstructorAccessorImpl.newInstance0(Native Method)
	at java.base/jdk.internal.reflect.NativeConstructorAccessorImpl.newInstance(NativeConstructorAccessorImpl.java:77)
	at java.base/jdk.internal.reflect.DelegatingConstructorAccessorImpl.newInstance(DelegatingConstructorAccessorImpl.java:45)
	at java.base/java.lang.reflect.Constructor.newInstanceWithCaller(Constructor.java:499)
	at java.base/java.lang.reflect.Constructor.newInstance(Constructor.java:480)
	at org.codehaus.groovy.reflection.CachedConstructor.invoke(CachedConstructor.java:72)
	at org.codehaus.groovy.runtime.callsite.ConstructorSite$ConstructorSiteNoUnwrapNoCoerce.callConstructor(ConstructorSite.java:105)
	at org.codehaus.groovy.runtime.callsite.CallSiteArray.defaultCallConstructor(CallSiteArray.java:59)
	at org.codehaus.groovy.runtime.callsite.AbstractCallSite.callConstructor(AbstractCallSite.java:263)
	at org.codehaus.groovy.runtime.callsite.AbstractCallSite.callConstructor(AbstractCallSite.java:277)
	at io.restassured.internal.ResponseSpecificationImpl$HamcrestAssertionClosure.validate(ResponseSpecificationImpl.groovy:499)
	at io.restassured.internal.ResponseSpecificationImpl$HamcrestAssertionClosure$validate$1.call(Unknown Source)
	at io.restassured.internal.ResponseSpecificationImpl.validateResponseIfRequired(ResponseSpecificationImpl.groovy:684)
	at java.base/jdk.internal.reflect.NativeMethodAccessorImpl.invoke0(Native Method)
	at java.base/jdk.internal.reflect.NativeMethodAccessorImpl.invoke(NativeMethodAccessorImpl.java:77)
	at java.base/jdk.internal.reflect.DelegatingMethodAccessorImpl.invoke(DelegatingMethodAccessorImpl.java:43)
	at java.base/java.lang.reflect.Method.invoke(Method.java:568)
	at org.codehaus.groovy.runtime.callsite.PlainObjectMetaMethodSite.doInvoke(PlainObjectMetaMethodSite.java:43)
	at org.codehaus.groovy.runtime.callsite.PogoMetaMethodSite$PogoCachedMethodSiteNoUnwrapNoCoerce.invoke(PogoMetaMethodSite.java:193)
	at org.codehaus.groovy.runtime.callsite.PogoMetaMethodSite.callCurrent(PogoMetaMethodSite.java:61)
	at org.codehaus.groovy.runtime.callsite.AbstractCallSite.callCurrent(AbstractCallSite.java:185)
	at io.restassured.internal.ResponseSpecificationImpl.statusCode(ResponseSpecificationImpl.groovy:127)
	at io.restassured.specification.ResponseSpecification$statusCode$0.callCurrent(Unknown Source)
	at io.restassured.internal.ResponseSpecificationImpl.statusCode(ResponseSpecificationImpl.groovy:135)
	at io.restassured.internal.ValidatableResponseOptionsImpl.statusCode(ValidatableResponseOptionsImpl.java:89)
	at io.restassured.internal.ValidatableResponseImpl.super$2$statusCode(ValidatableResponseImpl.groovy)
	at java.base/jdk.internal.reflect.NativeMethodAccessorImpl.invoke0(Native Method)
	at java.base/jdk.internal.reflect.NativeMethodAccessorImpl.invoke(NativeMethodAccessorImpl.java:77)
	at java.base/jdk.internal.reflect.DelegatingMethodAccessorImpl.invoke(DelegatingMethodAccessorImpl.java:43)
	at java.base/java.lang.reflect.Method.invoke(Method.java:568)
	at org.codehaus.groovy.reflection.CachedMethod.invoke(CachedMethod.java:107)
	at groovy.lang.MetaMethod.doMethodInvoke(MetaMethod.java:323)
	at groovy.lang.MetaClassImpl.invokeMethod(MetaClassImpl.java:1268)
	at org.codehaus.groovy.runtime.ScriptBytecodeAdapter.invokeMethodOnSuperN(ScriptBytecodeAdapter.java:144)
	at io.restassured.internal.ValidatableResponseImpl.statusCode(ValidatableResponseImpl.groovy:142)
	at io.restassured.internal.ValidatableResponseImpl.statusCode(ValidatableResponseImpl.groovy)
	at services.InvolvedMaker.verifyMakerData(InvolvedMaker.java:32)
	at Step_Defs.InvolvedMaker_StepDefs.statusCodeShouldBe(InvolvedMaker_StepDefs.java:19)
	at ✽.Status code should be 404(file:///C:/Users/admin/IdeaProjects/Albert%20Heijn%20Assignment/src/test/resources/Features/involvedMaker.feature:10)
]]></failure>
    <system-out><![CDATA[Request method:	GET
Request URI:	https://www.rijksmuseum.nl/api/en/collection?key=0fiuZFh4&involvedMaker=Ahmet%20Nederland
Proxy:			<none>
Request params:	<none>
Query params:	key=0fiuZFh4
				involvedMaker=Ahmet Nederland
Form params:	<none>
Path params:	culture=en
Headers:		Accept=*/*
				Content-Type=application/json
Cookies:		<none>
Multiparts:		<none>
Body:			<none>
Request method:	GET
Request URI:	https://www.rijksmuseum.nl/api/en/collection?key=0fiuZFh4&involvedMaker=Ahmet%20Nederland
Proxy:			<none>
Request params:	<none>
Query params:	key=0fiuZFh4
				involvedMaker=Ahmet Nederland
Form params:	<none>
Path params:	culture=en
Headers:		Accept=*/*
				Content-Type=application/json
Cookies:		<none>
Multiparts:		<none>
Body:			<none>
]]></system-out>
  </testcase>
  <testcase name="As a user I should search any item in data #1" classname="Search the items" time="0.708">
    <system-out><![CDATA[Request method:	GET
Request URI:	https://www.rijksmuseum.nl/api/en/collection?key=0fiuZFh4&q=Amsterdam
Proxy:			<none>
Request params:	<none>
Query params:	key=0fiuZFh4
				q=Amsterdam
Form params:	<none>
Path params:	culture=en
Headers:		Accept=*/*
				Content-Type=application/json
Cookies:		<none>
Multiparts:		<none>
Body:			<none>
]]></system-out>
  </testcase>
  <testcase name="As a user I should search any item in data #2" classname="Search the items" time="0.213">
    <system-out><![CDATA[Request method:	GET
Request URI:	https://www.rijksmuseum.nl/api/en/collection?key=0fiuZFh4&q=Harlem
Proxy:			<none>
Request params:	<none>
Query params:	key=0fiuZFh4
				q=Harlem
Form params:	<none>
Path params:	culture=en
Headers:		Accept=*/*
				Content-Type=application/json
Cookies:		<none>
Multiparts:		<none>
Body:			<none>
]]></system-out>
  </testcase>
  <testcase name="As a user I should search any item in data #3" classname="Search the items" time="0.472">
    <system-out><![CDATA[Request method:	GET
Request URI:	https://www.rijksmuseum.nl/api/en/collection?key=0fiuZFh4&q=Japan
Proxy:			<none>
Request params:	<none>
Query params:	key=0fiuZFh4
				q=Japan
Form params:	<none>
Path params:	culture=en
Headers:		Accept=*/*
				Content-Type=application/json
Cookies:		<none>
Multiparts:		<none>
Body:			<none>
]]></system-out>
  </testcase>
  <testcase name="As a user I should search any item in data #4" classname="Search the items" time="0.425">
    <system-out><![CDATA[Request method:	GET
Request URI:	https://www.rijksmuseum.nl/api/en/collection?key=0fiuZFh4&q=Vincent%20van%20Gogh
Proxy:			<none>
Request params:	<none>
Query params:	key=0fiuZFh4
				q=Vincent van Gogh
Form params:	<none>
Path params:	culture=en
Headers:		Accept=*/*
				Content-Type=application/json
Cookies:		<none>
Multiparts:		<none>
Body:			<none>
]]></system-out>
  </testcase>
  <testcase name="As a user I should search any item in data #5" classname="Search the items" time="0.276">
    <failure message="1 expectation failed.&#10;Expected status code &lt;404&gt; but was &lt;200&gt;.&#10;" type="java.lang.AssertionError"><![CDATA[java.lang.AssertionError: 
1 expectation failed.
Expected status code <404> but was <200>.

	at java.base/jdk.internal.reflect.NativeConstructorAccessorImpl.newInstance0(Native Method)
	at java.base/jdk.internal.reflect.NativeConstructorAccessorImpl.newInstance(NativeConstructorAccessorImpl.java:77)
	at java.base/jdk.internal.reflect.DelegatingConstructorAccessorImpl.newInstance(DelegatingConstructorAccessorImpl.java:45)
	at java.base/java.lang.reflect.Constructor.newInstanceWithCaller(Constructor.java:499)
	at java.base/java.lang.reflect.Constructor.newInstance(Constructor.java:480)
	at org.codehaus.groovy.reflection.CachedConstructor.invoke(CachedConstructor.java:72)
	at org.codehaus.groovy.runtime.callsite.ConstructorSite$ConstructorSiteNoUnwrapNoCoerce.callConstructor(ConstructorSite.java:105)
	at org.codehaus.groovy.runtime.callsite.AbstractCallSite.callConstructor(AbstractCallSite.java:277)
	at io.restassured.internal.ResponseSpecificationImpl$HamcrestAssertionClosure.validate(ResponseSpecificationImpl.groovy:499)
	at io.restassured.internal.ResponseSpecificationImpl$HamcrestAssertionClosure$validate$1.call(Unknown Source)
	at io.restassured.internal.ResponseSpecificationImpl.validateResponseIfRequired(ResponseSpecificationImpl.groovy:684)
	at java.base/jdk.internal.reflect.NativeMethodAccessorImpl.invoke0(Native Method)
	at java.base/jdk.internal.reflect.NativeMethodAccessorImpl.invoke(NativeMethodAccessorImpl.java:77)
	at java.base/jdk.internal.reflect.DelegatingMethodAccessorImpl.invoke(DelegatingMethodAccessorImpl.java:43)
	at java.base/java.lang.reflect.Method.invoke(Method.java:568)
	at org.codehaus.groovy.runtime.callsite.PlainObjectMetaMethodSite.doInvoke(PlainObjectMetaMethodSite.java:43)
	at org.codehaus.groovy.runtime.callsite.PogoMetaMethodSite$PogoCachedMethodSiteNoUnwrapNoCoerce.invoke(PogoMetaMethodSite.java:193)
	at org.codehaus.groovy.runtime.callsite.PogoMetaMethodSite.callCurrent(PogoMetaMethodSite.java:61)
	at org.codehaus.groovy.runtime.callsite.AbstractCallSite.callCurrent(AbstractCallSite.java:185)
	at io.restassured.internal.ResponseSpecificationImpl.statusCode(ResponseSpecificationImpl.groovy:127)
	at io.restassured.specification.ResponseSpecification$statusCode$0.callCurrent(Unknown Source)
	at io.restassured.internal.ResponseSpecificationImpl.statusCode(ResponseSpecificationImpl.groovy:135)
	at io.restassured.internal.ValidatableResponseOptionsImpl.statusCode(ValidatableResponseOptionsImpl.java:89)
	at io.restassured.internal.ValidatableResponseImpl.super$2$statusCode(ValidatableResponseImpl.groovy)
	at java.base/jdk.internal.reflect.NativeMethodAccessorImpl.invoke0(Native Method)
	at java.base/jdk.internal.reflect.NativeMethodAccessorImpl.invoke(NativeMethodAccessorImpl.java:77)
	at java.base/jdk.internal.reflect.DelegatingMethodAccessorImpl.invoke(DelegatingMethodAccessorImpl.java:43)
	at java.base/java.lang.reflect.Method.invoke(Method.java:568)
	at org.codehaus.groovy.reflection.CachedMethod.invoke(CachedMethod.java:107)
	at groovy.lang.MetaMethod.doMethodInvoke(MetaMethod.java:323)
	at groovy.lang.MetaClassImpl.invokeMethod(MetaClassImpl.java:1268)
	at org.codehaus.groovy.runtime.ScriptBytecodeAdapter.invokeMethodOnSuperN(ScriptBytecodeAdapter.java:144)
	at io.restassured.internal.ValidatableResponseImpl.statusCode(ValidatableResponseImpl.groovy:142)
	at io.restassured.internal.ValidatableResponseImpl.statusCode(ValidatableResponseImpl.groovy)
	at services.SearchItems.verifyItem(SearchItems.java:25)
	at Step_Defs.SearchItems_StepDefs.the_data_status_code_should_be(SearchItems_StepDefs.java:19)
	at ✽.The data status code should be 404(file:///C:/Users/admin/IdeaProjects/Albert%20Heijn%20Assignment/src/test/resources/Features/searchItems.feature:6)
]]></failure>
    <system-out><![CDATA[Request method:	GET
Request URI:	https://www.rijksmuseum.nl/api/en/collection?key=0fiuZFh4&q=Ahmet%20YAZILITAS
Proxy:			<none>
Request params:	<none>
Query params:	key=0fiuZFh4
				q=Ahmet YAZILITAS
Form params:	<none>
Path params:	culture=en
Headers:		Accept=*/*
				Content-Type=application/json
Cookies:		<none>
Multiparts:		<none>
Body:			<none>
]]></system-out>
  </testcase>
  <testcase name="As a User I should sort artist from a to z" classname="Sort artists a-z" time="1.708">
    <failure message="expected:&lt;&apos;s [Lands Werf Amsterdam]&gt; but was:&lt;&apos;s [Gravenhaagsche Courant- en Boekdrukkerij]&gt;" type="org.junit.ComparisonFailure"><![CDATA[org.junit.ComparisonFailure: expected:<'s [Lands Werf Amsterdam]> but was:<'s [Gravenhaagsche Courant- en Boekdrukkerij]>
	at org.junit.Assert.assertEquals(Assert.java:117)
	at org.junit.Assert.assertEquals(Assert.java:146)
	at services.SortArtists.verifyArtistFromAToZ(SortArtists.java:43)
	at Step_Defs.sortArtists_StepDefs.verifyThatFirstArtistIsLastArtistIs(sortArtists_StepDefs.java:21)
	at ✽.Verify that first artist is"'s Lands Werf Amsterdam", last artist is "Raphaël Sadeler (I)"(file:///C:/Users/admin/IdeaProjects/Albert%20Heijn%20Assignment/src/test/resources/Features/sortArtist.feature:7)
]]></failure>
    <system-out><![CDATA[Request method:	GET
Request URI:	https://www.rijksmuseum.nl/api/en/collection?key=0fiuZFh4&p=1&ps=100&s=artist
Proxy:			<none>
Request params:	<none>
Query params:	key=0fiuZFh4
				p=1
				ps=100
				s=artist
Form params:	<none>
Path params:	culture=en
Headers:		Accept=*/*
				Content-Type=application/json
Cookies:		<none>
Multiparts:		<none>
Body:			<none>
]]></system-out>
  </testcase>
  <testcase name="As a user should sort the artistDesc from z to a" classname="Sort artists a-z" time="1.056">
    <failure message="expected:&lt;[Raphaël Sadeler (I)]&gt; but was:&lt;[Marinus Zwollo]&gt;" type="org.junit.ComparisonFailure"><![CDATA[org.junit.ComparisonFailure: expected:<[Raphaël Sadeler (I)]> but was:<[Marinus Zwollo]>
	at org.junit.Assert.assertEquals(Assert.java:117)
	at org.junit.Assert.assertEquals(Assert.java:146)
	at services.SortArtists.verifyArtistFromZToA(SortArtists.java:51)
	at Step_Defs.sortArtists_StepDefs.verifyFirstArtistIsLastArtistIs(sortArtists_StepDefs.java:40)
	at ✽.Verify first artist is"Raphaël Sadeler (I)", last artist is "'s Lands Werf Amsterdam"(file:///C:/Users/admin/IdeaProjects/Albert%20Heijn%20Assignment/src/test/resources/Features/sortArtist.feature:14)
]]></failure>
    <system-out><![CDATA[Request method:	GET
Request URI:	https://www.rijksmuseum.nl/api/en/collection?key=0fiuZFh4&p=1&ps=100&s=artistdesc
Proxy:			<none>
Request params:	<none>
Query params:	key=0fiuZFh4
				p=1
				ps=100
				s=artistdesc
Form params:	<none>
Path params:	culture=en
Headers:		Accept=*/*
				Content-Type=application/json
Cookies:		<none>
Multiparts:		<none>
Body:			<none>
]]></system-out>
  </testcase>
</testsuite>