<?xml version="1.0" encoding="UTF-8"?>
<testsuite xmlns:xsi="http://www.w3.org/2001/XMLSchema-instance" xsi:noNamespaceSchemaLocation="https://maven.apache.org/surefire/maven-surefire-plugin/xsd/surefire-test-report-3.0.xsd" version="3.0" name="runner.CukesRunner" time="15.517" tests="11" errors="0" skipped="0" failures="6">
  <properties>
[...]
</properties>
  <testcase name="As a User I should get all API collections" classname="GET All Collection" time="6.82">
    <failure message="expected:&lt;[Gabriël Metsu]&gt; but was:&lt;[Johan Gregor van der Schardt]&gt;" type="org.junit.ComparisonFailure"><![CDATA[org.junit.ComparisonFailure: expected:<[Gabriël Metsu]> but was:<[Johan Gregor van der Schardt]>
	at org.junit.Assert.assertEquals(Assert.java:117)
	at org.junit.Assert.assertEquals(Assert.java:146)
	at services.Get_Collections.verifyCollections(Get_Collections.java:33)
	at Step_Defs.GetCollection_StepDefs.user_verify_the_status_code_and_body(GetCollection_StepDefs.java:17)
	at ✽.User verify the status code and body(file:///C:/Users/admin/IdeaProjects/Albert%20Heijn%20Assignment/src/test/resources/Features/Get_Collections.feature:7)
]]></failure>
    <system-out><![CDATA[Request method:	GET
Request URI:	https://www.rijksmuseum.nl/api/en/collection?key=0fiuZFh4&p=1&ps=100
Proxy:			<none>
Request params:	<none>
Query params:	key=0fiuZFh4
				p=1
				ps=100
Form params:	<none>
Path params:	culture=en
Headers:		Accept=*/*
				Content-Type=application/json
Cookies:		<none>
Multiparts:		<none>
Body:			<none>
HTTP/1.1 200 OK
Transfer-Encoding: chunked
Content-Type: application/json; charset=utf-8
Content-Encoding: gzip
Vary: Accept-Encoding
Strict-Transport-Security: max-age=2592000
Request-Context: appId=cid-v1:5f69f122-c4a2-4f7d-8b1e-6d66af0e0e99
X-Powered-By: ASP.NET
X-Cache: CONFIG_NOCACHE
X-Azure-Ref: 0Bk1LZQAAAAArA8AFDZ8gQZECKjQaOgJzQU1TMDRFREdFMTgxNwBlM2E1Zjk4OS0xMzJjLTQ3NzQtODA2Yy03YzE3MTZhN2U2MjE=
Date: Wed, 08 Nov 2023 08:55:35 GMT

{
    "elapsedMilliseconds": 0,
    "count": 784306,
    "countFacets": {
        "hasimage": 594065,
        "ondisplay": 8574
    },
    "artObjects": [
        {
            "links": {
                "self": "http://www.rijksmuseum.nl/api/en/collection/BK-16676",
                "web": "http://www.rijksmuseum.nl/en/collection/BK-16676"
            },
            "id": "en-BK-16676",
            "objectNumber": "BK-16676",
            "title": "Desk",
            "hasImage": true,
            "principalOrFirstMaker": "Abraham Roentgen",
            "longTitle": "Desk, Abraham Roentgen, c. 1758 - c. 1760",
            "showImage": true,
            "permitDownload": true,
            "webImage": {
                "guid": "6fdcd710-d31d-4de3-8ae6-d8687067ef74",
                "offsetPercentageX": 0,
                "offsetPercentageY": 0,
                "width": 3000,
                "height": 2779,
                "url": "https://lh4.ggpht.com/FeheHnW8-KOx-prHRCvly8ReF9WKysmPJDEd99EEVDViH1DvYytyDpkjnkeyqqj85WNbrkXFaoFe0jBKB9DdNJApLQ=s0"
            },
            "headerImage": {
                "guid": "deee4f1f-802b-4289-9367-d8926101690c",
                "offsetPercentageX": 0,
                "offsetPercentageY": 0,
                "width": 1920,
                "height": 460,
                "url": "https://lh4.ggpht.com/1alZFw9qSNw6T81R-SqFeWNurK1J5edyh6SWunRdQC5V63vGjphJp1bcu_Gy9lMAnJEcpturH7jsGZV-7uUKnj1HHz0=s0"
            },
            "productionPlaces": [
                
            ]
        },
        {
            "links": {
                "self": "http://www.rijksmuseum.nl/api/en/collection/NG-NM-7687",
                "web": "http://www.rijksmuseum.nl/en/collection/NG-NM-7687"
            },
            "id": "en-NG-NM-7687",
            "objectNumber": "NG-NM-7687",
            "title": "Clock and gunpowder horn",
            "hasImage": true,
            "principalOrFirstMaker": "anonymous",
            "longTitle": "Clock and gunpowder horn, anonymous, c. 1590 - c. 1596",
            "showImage": true,
            "permitDownload": true,
            "webImage": {
                "guid": "05f438f9-f42d-4fec-ad6f-0feb3b08fed2",
                "offsetPercentageX": 0,
                "offsetPercentageY": 1,
                "width": 1672,
                "height": 2500,
                "url": "https://lh3.ggpht.com/lAJ1wnr_hEOncOfh9eKzvaS8w-fhLLq5yGlzHBctnjgyOzsbuP4cGIqP4q0A-YvnyXBhJi96il6NIZNhRVW-BVg2lW0=s0"
            },
            "headerImage": {
                "guid": "7bf07c8d-4ecb-452d-bdd0-f2197c0d9ba9",
                "offsetPercentageX": 0,
                "offsetPercentageY": 0,
                "width": 1920,
                "height": 460,
                "url": "https://lh6.ggpht.com/9c8SEaU_VJWbz1Xw__DPWs_sB4j6Z1bl3ieZRe0-279dePcw8nyxo6g6YYVH_m-prsrtSAsFTVzoIICJ560vKVjj5vQ=s0"
            },
            "productionPlaces": [
                "Low Countries",
                "Germany",
                "France"
            ]
        },
        {
            "links": {
                "self": "http://www.rijksmuseum.nl/api/en/collection/BK-1983-15",
                "web": "http://www.rijksmuseum.nl/en/collection/BK-1983-15"
            },
            "id": "en-BK-1983-15",
            "objectNumber": "BK-1983-15",
            "title": "Roemer with a poem to Constantijn Huygens",
            "hasImage": true,
            "principalOrFirstMaker": "anonymous",
            "longTitle": "Roemer with a poem to Constantijn Huygens, anonymous, 1619",
            "showImage": true,
            "permitDownload": true,
            "webImage": {
                "guid": "123b1009-a6ee-4274-ba64-448b729038ca",
                "offsetPercentageX": 0,
                "offsetPercentageY": 0,
                "width": 2152,
                "height": 2500,
                "url": "https://lh3.googleusercontent.com/iHNTtwRZU6MW_7mG6mJKsLD2oHwLLEg7osTsXJv5LrVwa24N-9K4ScGMGNtRQoc9WrVERVLk6fxbZyvanofH05xXPA=s0"
            },
            "headerImage": {
                "guid": "b71cb39a-a16a-4dbe-aa13-231117fea771",
                "offsetPercentageX": 0,
                "offsetPercentageY": 0,
                "width": 1920,
                "height": 460,
                "url": "https://lh3.googleusercontent.com/UEnB_t9Ayrm3EX0UIpv6mipCoIhkLtGYk5SkWdBU6uR3m0EHszQAqDpz2PRScgBtHonXHuDMVeh1PqM7SlgkpsGjYiw=s0"
            },
            "productionPlaces": [
                
            ]
        },
        {
            "links": {
                "self": "http://www.rijksmuseum.nl/api/en/collection/BK-2000-17",
                "web": "http://www.rijksmuseum.nl/en/collection/BK-2000-17"
            },
            "id": "en-BK-2000-17",
            "objectNumber": "BK-2000-17",
            "title": "Self-portrait",
            "hasImage": true,
            "principalOrFirstMaker": "Johan Gregor van der Schardt",
            "longTitle": "Self-portrait, Johan Gregor van der Schardt, c. 1573 - c. 1580",
            "showImage": true,
            "permitDownload": true,
            "webImage": {
                "guid": "876a46b0-9d66-4d1f-8a29-0ad06c2bade8",
                "offsetPercentageX": 0,
                "offsetPercentageY": 0,
                "width": 3000,
                "height": 2521,
                "url": "https://lh3.googleusercontent.com/FjUHATQW1qcRggtsD9L9SXeeFHVpBCvQ-taIof6oRh2U_6-wI6Oycr7As85EEty5_hXypsdLdhs7HZQay4aRnWf_xGhnAVb23olEUes=s0"
            },
            "headerImage": {
                "guid": "717fb9f6-daf4-4031-8653-b163f6764137",
                "offsetPercentageX": 0,
                "offsetPercentageY": 0,
                "width": 1920,
                "height": 460,
                "url": "https://lh3.googleusercontent.com/3Pr6dZbLsvywtlEVHiONIoaravHYaAP_T7WiQ2hWexacsZ2Tn6eEmN8syJ1qER5nvw7PD7cabdsc9QnM0r3wfWFFAUh-omKO6FdnGt4T=s0"
            },
            "productionPlaces": [
                
            ]
        },
        {
            "links": {
                "self": "http://www.rijksmuseum.nl/api/en/collection/AK-MAK-84",
                "web": "http://www.rijksmuseum.nl/en/collection/AK-MAK-84"
            },
            "id": "en-AK-MAK-84",
            "objectNumber": "AK-MAK-84",
            "title": "Guanyin",
            "hasImage": true,
            "principalOrFirstMaker": "anonymous",
            "longTitle": "Guanyin, anonymous, c. 1100 - c. 1200",
            "showImage": true,
            "permitDownload": true,
            "webImage": {
                "guid": "9ff4dc3b-6580-443e-9546-9ab1a4478d13",
                "offsetPercentageX": 0,
                "offsetPercentageY": 0,
                "width": 2759,
                "height": 3000,
                "url": "https://lh3.ggpht.com/FkkMpQsDIyGGyfUGafaEKVcrXJXFDMfzDBuIU41XIg8nWGGEQwmHa1ouAL2Zhyl2yw4mBqwAlmUY1tULVdZoTN2QcA=s0"
            },
            "headerImage": {
                "guid": "686e2662-fff5-421f-a717-096f257c36c4",
                "offsetPercentageX": 0,
                "offsetPercentageY": 0,
                "width": 1922,
                "height": 460,
                "url": "https://lh3.ggpht.com/82udwwljoeije49Jf4kPgoZ_OQ_T3WfuP1kh3WlWEtsIV8wcgsWUqvzVS5B4BJY3lwUuF746o3jtffwigxkk7QR5=s0"
            },
            "productionPlaces": [
                
            ]
        },
        {
            "links": {
                "self": "http://www.rijksmuseum.nl/api/en/collection/SK-A-372",
                "web": "http://www.rijksmuseum.nl/en/collection/SK-A-372"
            },
            "id": "en-SK-A-372",
            "objectNumber": "SK-A-372",
            "title": "Mary Magdalene",
            "hasImage": true,
            "principalOrFirstMaker": "Jan van Scorel",
            "longTitle": "Mary Magdalene, Jan van Scorel, c. 1530",
            "showImage": true,
            "permitDownload": true,
            "webImage": {
                "guid": "f1cda91e-4d37-4056-8979-028c4cd3da49",
                "offsetPercentageX": 0,
                "offsetPercentageY": 0,
                "width": 2833,
                "height": 2465,
                "url": "https://lh3.googleusercontent.com/moxL3z7zz5j_5gQCgvRGcmLD-RDhVgZvA2NGREYgkLTkYUbGa4Ts-57UaQ4ilN38xWX6w_gb_eU6hkMZcC-wfMg5NQ=s0"
            },
            "headerImage": {
                "guid": "6a9a1b0d-f2c2-45b0-8df4-e908a6af5eee",
                "offsetPercentageX": 0,
                "offsetPercentageY": 0,
                "width": 1920,
                "height": 460,
                "url": "https://lh3.googleusercontent.com/krUs6F8pg2YHqhNKOR1MiQs1lemgNlfErNtQdZBP4Jc7Re3-e6ae-CPlRFIpPf269-j-ze8sa_08bImIoebjCySGawM=s0"
            },
            "productionPlaces": [
                "? Haarlem"
            ]
        },
        {
            "links": {
                "self": "http://www.rijksmuseum.nl/api/en/collection/SK-A-1718",
                "web": "http://www.rijksmuseum.nl/en/collection/SK-A-1718"
            },
            "id": "en-SK-A-1718",
            "objectNumber": "SK-A-1718",
            "title": "Winter Landscape with Ice Skaters",
            "hasImage": true,
            "principalOrFirstMaker": "Hendrick Avercamp",
            "longTitle": "Winter Landscape with Ice Skaters, Hendrick Avercamp, c. 1608",
            "showImage": true,
            "permitDownload": true,
            "webImage": {
                "guid": "4f834f63-3aeb-48a2-8a22-bcac12ffc3b9",
                "offsetPercentageX": 0,
                "offsetPercentageY": 0,
                "width": 2928,
                "height": 1691,
                "url": "https://lh3.googleusercontent.com/1pTfYJlLwVTifKj4PlsWPyAg4PcIVBAiVvB8sameSnmm7HRd056abNUIRq33rgry7u9t-ju-eHOnbfqQpK4q_8IwzIXZ4WgrqZW9l7U=s0"
            },
            "headerImage": {
                "guid": "c3d4cbca-a7c2-4341-812d-78773acdcb6f",
                "offsetPercentageX": 0,
                "offsetPercentageY": 0,
                "width": 1920,
                "height": 460,
                "url": "https://lh3.googleusercontent.com/3R_8eX8o6uJNcIgqdMqCqJH8fPufvWZTopDEGKQgfVexy4pBCKr8C3sW3QH-KWgiuarBQxjRyuF8Xi4B4APUiv8q23v1Lk2xQA8pIg2U=s0"
            },
            "productionPlaces": [
                
            ]
        },
        {
            "links": {
                "self": "http://www.rijksmuseum.nl/api/en/collection/SK-A-3584",
                "web": "http://www.rijksmuseum.nl/en/collection/SK-A-3584"
            },
            "id": "en-SK-A-3584",
            "objectNumber": "SK-A-3584",
            "title": "Girl in a White Kimono",
            "hasImage": true,
            "principalOrFirstMaker": "George Hendrik Breitner",
            "longTitle": "Girl in a White Kimono, George Hendrik Breitner, 1894",
            "showImage": true,
            "permitDownload": true,
            "webImage": {
                "guid": "5dea6805-8cf3-4d6e-b334-89adfdd6f341",
                "offsetPercentageX": 0,
                "offsetPercentageY": 0,
                "width": 2535,
                "height": 2622,
                "url": "https://lh3.googleusercontent.com/0bgOiMrBM2GuhW_pNeQW711GuB3kD7Gq7AILGHaJGeWKa1Fu1hUJGpOjvSpiP_XpgRlC4jVmH0Z1233PEPMJTfNRR7Q=s0"
            },
            "headerImage": {
                "guid": "ca275add-7098-4726-94df-4743cc5f1ef2",
                "offsetPercentageX": 0,
                "offsetPercentageY": 0,
                "width": 1920,
                "height": 460,
                "url": "https://lh3.googleusercontent.com/DbySiXwDdYlhl0r-fmM1CdLfro5aC1S0KdapBqWJyboOCgWYO1v50-8B2xWRRbqrv8rqKDyLsojkPv0h2-XKjmJbLyoV=s0"
            },
            "productionPlaces": [
                "Amsterdam"
            ]
        },
        {
            "links": {
                "self": "http://www.rijksmuseum.nl/api/en/collection/SK-A-447",
                "web": "http://www.rijksmuseum.nl/en/collection/SK-A-447"
            },
            "id": "en-SK-A-447",
            "objectNumber": "SK-A-447",
            "title": "Fishing for Souls",
            "hasImage": true,
            "principalOrFirstMaker": "Adriaen Pietersz van de Venne",
            "longTitle": "Fishing for Souls, Adriaen Pietersz van de Venne, 1614",
            "showImage": true,
            "permitDownload": true,
            "webImage": {
                "guid": "1ccf72b5-5db6-43fc-b297-3465edf23a77",
                "offsetPercentageX": 0,
                "offsetPercentageY": 0,
                "width": 2500,
                "height": 1306,
                "url": "https://lh3.googleusercontent.com/TEtv4BfucIDtINHirqpa-VHlo4x8oHWZxBPzH60g0aq3LKsfw2QKTX9TGwqeUEnSTQLdKoA0LtxkYUtRkLGRkjem0uQvJV5e25rvj4ESKg=s0"
            },
            "headerImage": {
                "guid": "dd63c518-2e64-495e-824f-440f1b9fb5b0",
                "offsetPercentageX": 0,
                "offsetPercentageY": 0,
                "width": 1920,
                "height": 460,
                "url": "https://lh3.googleusercontent.com/00hSErEGrmF9YFRc5P39qTk2Cst3ifgRY_9zVVdUP78FJkyd0M9BMTzM4wrEFjCMhRgB4uCiyTBp3gQ7j2S1JGszr4QNe22o6O-9gwxYsQ=s0"
            },
            "productionPlaces": [
                
            ]
        },
        {
            "links": {
                "self": "http://www.rijksmuseum.nl/api/en/collection/SK-A-4050",
                "web": "http://www.rijksmuseum.nl/en/collection/SK-A-4050"
            },
            "id": "en-SK-A-4050",
            "objectNumber": "SK-A-4050",
            "title": "Self-portrait as the Apostle Paul",
            "hasImage": true,
            "principalOrFirstMaker": "Rembrandt van Rijn",
            "longTitle": "Self-portrait as the Apostle Paul, Rembrandt van Rijn, 1661",
            "showImage": true,
            "permitDownload": true,
            "webImage": {
                "guid": "58f00619-2e35-4d7d-a46d-0dcc6618f4ec",
                "offsetPercentageX": 0,
                "offsetPercentageY": 0,
                "width": 2287,
                "height": 2724,
                "url": "https://lh3.googleusercontent.com/NrCcfeY0r2F3M2hIQe5SLDRofR2tVzeOH18VjflOYGj88v4clb4v2H_VgCZR4nJhYsxxH9ATzfkL2tRqOWEK5-gPVEE=s0"
            },
            "headerImage": {
                "guid": "aba7d9da-5d4b-4389-8347-c3de63c33d98",
                "offsetPercentageX": 0,
                "offsetPercentageY": 0,
                "width": 2276,
                "height": 544,
                "url": "https://lh3.googleusercontent.com/koQbNAoqV857feer4wJRVF-lbFzyNdvSsjgnXTTF3P3Dmgm2s_7noCVyqsxr1466YiIccueR0DpaU9-wPchhM0bIiQ=s0"
            },
            "productionPlaces": [
                
            ]
        },
        {
            "links": {
                "self": "http://www.rijksmuseum.nl/api/en/collection/SK-C-6",
                "web": "http://www.rijksmuseum.nl/en/collection/SK-C-6"
            },
            "id": "en-SK-C-6",
            "objectNumber": "SK-C-6",
            "title": "The Sampling Officials of the Amsterdam Drapers’ Guild, Known as ‘The Syndics’",
            "hasImage": true,
            "principalOrFirstMaker": "Rembrandt van Rijn",
            "longTitle": "The Sampling Officials of the Amsterdam Drapers’ Guild, Known as ‘The Syndics’, Rembrandt van Rijn, 1662",
            "showImage": true,
            "permitDownload": true,
            "webImage": {
                "guid": "2c1ac367-9b11-4266-bb08-eea14ca0bb76",
                "offsetPercentageX": 0,
                "offsetPercentageY": 0,
                "width": 3000,
                "height": 1975,
                "url": "https://lh3.googleusercontent.com/gShVRyvLLbwVB8jeIPghCXgr96wxTHaM4zqfmxIWRsUpMhMn38PwuUU13o1mXQzLMt5HFqX761u8Tgo4L_JG1XLATvw=s0"
            },
            "headerImage": {
                "guid": "5f71570b-21d2-4f00-9219-edb93137110c",
                "offsetPercentageX": 0,
                "offsetPercentageY": 0,
                "width": 1920,
                "height": 460,
                "url": "https://lh3.googleusercontent.com/8vtyRTsJdGXuZhnHl5wF6vBgDNInw3q56DFYYr0Rzm1JJYNRl2iSIC30d_erXkTe_Yv8uJq1ZL56zFrXUpTFJrBDcbE=s0"
            },
            "productionPlaces": [
                
            ]
        },
        {
            "links": {
                "self": "http://www.rijksmuseum.nl/api/en/collection/SK-A-1365",
                "web": "http://www.rijksmuseum.nl/en/collection/SK-A-1365"
            },
            "id": "en-SK-A-1365",
            "objectNumber": "SK-A-1365",
            "title": "The Battle of Terheide",
            "hasImage": true,
            "principalOrFirstMaker": "Willem van de Velde (I)",
            "longTitle": "The Battle of Terheide, Willem van de Velde (I), 1657",
            "showImage": true,
            "permitDownload": true,
            "webImage": {
                "guid": "2b014f00-988e-4be3-afe0-2b52fe4f38c2",
                "offsetPercentageX": 0,
                "offsetPercentageY": 1,
                "width": 2500,
                "height": 1460,
                "url": "https://lh5.ggpht.com/NNwpBd1GteTy1QVYsJH64dJh_eb8pORRD5AtB2tfrYRvvFlM5-07MakQOYmYo3h6-09spXyHfJZbjv6ODhPJiStHjQ=s0"
            },
            "headerImage": {
                "guid": "86a466cd-7e20-4995-b300-eb03bca0da5b",
                "offsetPercentageX": 0,
                "offsetPercentageY": 0,
                "width": 1920,
                "height": 460,
                "url": "https://lh4.ggpht.com/yh5p_3sqR3qIBsaq-tcLcdWAJuXtBLFh48dkVyhoxriHtpf46QCXkQt_xYlAnfw8Nt9DANY8MZgj-8lE4u5R7lEhdg=s0"
            },
            "productionPlaces": [
                
            ]
        },
        {
            "links": {
                "self": "http://www.rijksmuseum.nl/api/en/collection/SK-A-3064",
                "web": "http://www.rijksmuseum.nl/en/collection/SK-A-3064"
            },
            "id": "en-SK-A-3064",
            "objectNumber": "SK-A-3064",
            "title": "Portrait of a Girl Dressed in Blue",
            "hasImage": true,
            "principalOrFirstMaker": "Johannes Cornelisz. Verspronck",
            "longTitle": "Portrait of a Girl Dressed in Blue, Johannes Cornelisz. Verspronck, 1641",
            "showImage": true,
            "permitDownload": true,
            "webImage": {
                "guid": "93b43a4a-dadc-4cd9-b368-c0a579e06eff",
                "offsetPercentageX": 0,
                "offsetPercentageY": 0,
                "width": 5656,
                "height": 6990,
                "url": "https://lh3.googleusercontent.com/XOEEpiJxvnbvetJvG7wbpPL9trO3nAAJuPztTOFxS2jtpHgqIkRGFfFJgkkS00bLCs6Ezkg0qRMOMZUMnBP3mbmQ-rJh_gFiffSIhyWX=s0"
            },
            "headerImage": {
                "guid": "732fc21c-7ac1-44eb-9acf-c7f8d1e023bb",
                "offsetPercentageX": 0,
                "offsetPercentageY": 0,
                "width": 1920,
                "height": 460,
                "url": "https://lh3.googleusercontent.com/mJKLRLCsvwG4xnPeWYPOy0HdM0Y2zZK7Hcr3uOtqJo9H4nfBdKk7BM9vhT8MRK4L1zxN3GHCLiKbk0lcrz_JRpn16JF5eDXU_ur94GHA=s0"
            },
            "productionPlaces": [
                
            ]
        },
        {
            "links": {
                "self": "http://www.rijksmuseum.nl/api/en/collection/SK-C-109",
                "web": "http://www.rijksmuseum.nl/en/collection/SK-C-109"
            },
            "id": "en-SK-C-109",
            "objectNumber": "SK-C-109",
            "title": "Italian Landscape with a Draughtsman",
            "hasImage": true,
            "principalOrFirstMaker": "Jan Both",
            "longTitle": "Italian Landscape with a Draughtsman, Jan Both, c. 1650 - 1652",
            "showImage": true,
            "permitDownload": true,
            "webImage": {
                "guid": "465bb4a9-3ddd-4a55-9ff1-1c6700cf2977",
                "offsetPercentageX": 0,
                "offsetPercentageY": 1,
                "width": 2852,
                "height": 2228,
                "url": "https://lh3.googleusercontent.com/KA2hIo0BlMDmyQDEC3ixvp9WHgcyJnlAvWtVcZmExh9ocPoZdQGRJh7bZjE2Mx2OGC0Zi3QGHGP0LlmuFgRlIYs36Sgn5G2OD-0MaTo=s0"
            },
            "headerImage": {
                "guid": "cf74d0e5-fc47-4813-b889-173670d4d0fe",
                "offsetPercentageX": 0,
                "offsetPercentageY": 0,
                "width": 1920,
                "height": 460,
                "url": "https://lh3.googleusercontent.com/slNdC1XU1nsaODGXSXltLuPjFR6C37Agb56JQQFoq21CGRCGv-hKn6sqVkaG2AazOqgSfDsLHa46TQ6D1atYcDFdbeJg40Qyxam64kCh=s0"
            },
            "productionPlaces": [
                
            ]
        },
        {
            "links": {
                "self": "http://www.rijksmuseum.nl/api/en/collection/SK-A-2344",
                "web": "http://www.rijksmuseum.nl/en/collection/SK-A-2344"
            },
            "id": "en-SK-A-2344",
            "objectNumber": "SK-A-2344",
            "title": "The Milkmaid",
            "hasImage": true,
            "principalOrFirstMaker": "Johannes Vermeer",
            "longTitle": "The Milkmaid, Johannes Vermeer, c. 1660",
            "showImage": true,
            "permitDownload": true,
            "webImage": {
                "guid": "e4e3005c-dd9e-4db6-b466-50b17a9a52cd",
                "offsetPercentageX": 0,
                "offsetPercentageY": 0,
                "width": 2261,
                "height": 2548,
                "url": "https://lh3.googleusercontent.com/cRtF3WdYfRQEraAcQz8dWDJOq3XsRX-h244rOw6zwkHtxy7NHjJOany7u4I2EG_uMAfNwBLHkFyLMENzpmfBTSYXIH_F=s0"
            },
            "headerImage": {
                "guid": "bef0795c-923a-463f-aab8-6a9cb24da44b",
                "offsetPercentageX": 0,
                "offsetPercentageY": 0,
                "width": 1920,
                "height": 460,
                "url": "https://lh3.googleusercontent.com/00OIrTLK6NA8Z7t276hDnKHTsdk3FCTTAy1-XTmnDbDm4gL1mSB1BerazQHyXxnRSWUso9I4YF4aiXluCqaV3Yus3g=s0"
            },
            "productionPlaces": [
                
            ]
        },
        {
            "links": {
                "self": "http://www.rijksmuseum.nl/api/en/collection/SK-A-799",
                "web": "http://www.rijksmuseum.nl/en/collection/SK-A-799"
            },
            "id": "en-SK-A-799",
            "objectNumber": "SK-A-799",
            "title": "Floral Still Life",
            "hasImage": true,
            "principalOrFirstMaker": "Hans Bollongier",
            "longTitle": "Floral Still Life, Hans Bollongier, 1639",
            "showImage": true,
            "permitDownload": true,
            "webImage": {
                "guid": "99bb7c68-3deb-49df-9197-1f478d19e131",
                "offsetPercentageX": 0,
                "offsetPercentageY": 0,
                "width": 1904,
                "height": 2424,
                "url": "https://lh3.googleusercontent.com/nAGClUPzsX6AlHMMhWo0Wa3vEN7OlG6T4TmdlsHzeZigky3Gv6_TLhF4GakOfGYtW_GCHBQOwc92hpmaS_MrtK4FTeRYOnpib05HnvQENA=s0"
            },
            "headerImage": {
                "guid": "d2923a9d-6d5c-46d6-8c7e-27b93438fcb0",
                "offsetPercentageX": 0,
                "offsetPercentageY": 0,
                "width": 1904,
                "height": 457,
                "url": "https://lh3.googleusercontent.com/LAjhT2E-0VnOVdQS4xAQ6RFi5al6e_5uSNiOWtYjZkMVjuMBWqUJ2qOoWnXt25cZ2ryPyUND0CLGazZCv8mc9nyNQgDtwpvfXBZqt6jP=s0"
            },
            "productionPlaces": [
                
            ]
        },
        {
            "links": {
                "self": "http://www.rijksmuseum.nl/api/en/collection/SK-C-251",
                "web": "http://www.rijksmuseum.nl/en/collection/SK-C-251"
            },
            "id": "en-SK-C-251",
            "objectNumber": "SK-C-251",
            "title": "Woman Reading a Letter",
            "hasImage": true,
            "principalOrFirstMaker": "Johannes Vermeer",
            "longTitle": "Woman Reading a Letter, Johannes Vermeer, c. 1663",
            "showImage": true,
            "permitDownload": true,
            "webImage": {
                "guid": "4d2a72e4-eb25-461c-86ae-889bc3c0699c",
                "offsetPercentageX": 0,
                "offsetPercentageY": 0,
                "width": 2094,
                "height": 2500,
                "url": "https://lh3.googleusercontent.com/cgJpNZ47yAU-Ttf6SF4vdBBxAiiZW_w_-DsA1Xchet3eDJN-8EyoA24xgNR9Wl1fTLwGAhENkTkMZu1qULcXOQdgF2K1qDbdWSwic1POVg=s0"
            },
            "headerImage": {
                "guid": "a07137ac-d93d-442e-91d4-a01a20d9df02",
                "offsetPercentageX": 0,
                "offsetPercentageY": 0,
                "width": 1920,
                "height": 460,
                "url": "https://lh3.googleusercontent.com/Fr-WogWdczFPjMNym2BLxxeVnMww0A4M-oQ3s8EBLU4St5XZY_OjxXNuMGGxpPIqX8aWjmPC8DsHIxz14h8ywfApH9Qhvkt4YcT-QTT4Qg=s0"
            },
            "productionPlaces": [
                
            ]
        },
        {
            "links": {
                "self": "http://www.rijksmuseum.nl/api/en/collection/SK-C-229",
                "web": "http://www.rijksmuseum.nl/en/collection/SK-C-229"
            },
            "id": "en-SK-C-229",
            "objectNumber": "SK-C-229",
            "title": "The Merry Family",
            "hasImage": true,
            "principalOrFirstMaker": "Jan Havicksz. Steen",
            "longTitle": "The Merry Family, Jan Havicksz. Steen, 1668",
            "showImage": true,
            "permitDownload": true,
            "webImage": {
                "guid": "b66932b3-9c0c-4962-b2aa-3e4e48163417",
                "offsetPercentageX": 0,
                "offsetPercentageY": 0,
                "width": 2852,
                "height": 2211,
                "url": "https://lh3.googleusercontent.com/7JF0tll1eAfY8XgFHJ6Iq_e1xux4xgcT8_LxMfVbZdRMC5CX5KsXLH1DLlMEfuTfKX8kehtmhJyzJSBFEBDPFmeB6Y8=s0"
            },
            "headerImage": {
                "guid": "58be0ec5-ff9c-43a4-afcf-af0932fd008e",
                "offsetPercentageX": 0,
                "offsetPercentageY": 0,
                "width": 1920,
                "height": 460,
                "url": "https://lh3.googleusercontent.com/t8Etb-lGOHfVlowyCXeVtq7YkXuyI6jUPD7l-cgFTfY_zvhOcaj6XckPlbvYdA8VmtWBe4j8r9Stm8VHCwc6s1jn2w=s0"
            },
            "productionPlaces": [
                
            ]
        },
        {
            "links": {
                "self": "http://www.rijksmuseum.nl/api/en/collection/SK-A-4830",
                "web": "http://www.rijksmuseum.nl/en/collection/SK-A-4830"
            },
            "id": "en-SK-A-4830",
            "objectNumber": "SK-A-4830",
            "title": "Still Life with a Gilt Cup",
            "hasImage": true,
            "principalOrFirstMaker": "Willem Claesz Heda",
            "longTitle": "Still Life with a Gilt Cup, Willem Claesz Heda, 1635",
            "showImage": true,
            "permitDownload": true,
            "webImage": {
                "guid": "958cbf50-5232-4378-a410-7d9573dfb718",
                "offsetPercentageX": 0,
                "offsetPercentageY": 0,
                "width": 2500,
                "height": 1937,
                "url": "https://lh3.googleusercontent.com/mZj-trnVh6jeUDsl1o0a3xNXPat_UOZtKecS4LaZdTLcNoIqtd_yf6beJKCUVzk3NT5SSFeQ-hOzJEOOSV9sg8dHE6VjFjUrGfxwe5Sg=s0"
            },
            "headerImage": {
                "guid": "d5db3a03-3d6e-4700-a1cb-c737887a6923",
                "offsetPercentageX": 0,
                "offsetPercentageY": 0,
                "width": 1920,
                "height": 460,
                "url": "https://lh3.googleusercontent.com/oY8pcdQahKwdBj_TFoV1UPUFkjY-XQZ5LcPb7Y2Aqexsg5g8h0A6bSWC9qpl-HbS46mX_5C51Du7bRATwQVdMPW0SBE3aDQALUZhCA8=s0"
            },
            "productionPlaces": [
                
            ]
        },
        {
            "links": {
                "self": "http://www.rijksmuseum.nl/api/en/collection/SK-A-1451",
                "web": "http://www.rijksmuseum.nl/en/collection/SK-A-1451"
            },
            "id": "en-SK-A-1451",
            "objectNumber": "SK-A-1451",
            "title": "The Well-stocked Kitchen, with Jesus in het House of Martha and Mary in the Background",
            "hasImage": true,
            "principalOrFirstMaker": "Joachim Bueckelaer",
            "longTitle": "The Well-stocked Kitchen, with Jesus in het House of Martha and Mary in the Background, Joachim Bueckelaer, 1566",
            "showImage": true,
            "permitDownload": true,
            "webImage": {
                "guid": "1d39e4da-6b58-4a58-ae4f-792d3099c7af",
                "offsetPercentageX": 0,
                "offsetPercentageY": 0,
                "width": 2500,
                "height": 1717,
                "url": "https://lh3.googleusercontent.com/SjuKgVllMl-wQ9sRUXch29gQpNg2NDiNSRsPGft0CzbGOIFwZktLNz7_689URZOGxOHFO76B722WD1RibHoBdOm7csga=s0"
            },
            "headerImage": {
                "guid": "a47ecd80-c883-456b-80ef-ab248766b9f4",
                "offsetPercentageX": 0,
                "offsetPercentageY": 0,
                "width": 1920,
                "height": 460,
                "url": "https://lh3.googleusercontent.com/yUbyE1Wy6ZaLrcHG-HYe1fshg4nTV_gAmT523Hj4CWvgr51LWGO0kmArD4WaUvK9fmvuKoRuNP0s3ke_ZWtglf-Kvzpk=s0"
            },
            "productionPlaces": [
                "Antwerp"
            ]
        },
        {
            "links": {
                "self": "http://www.rijksmuseum.nl/api/en/collection/SK-A-1505",
                "web": "http://www.rijksmuseum.nl/en/collection/SK-A-1505"
            },
            "id": "en-SK-A-1505",
            "objectNumber": "SK-A-1505",
            "title": "A Windmill on a Polder Waterway, Known as ‘In the Month of July’",
            "hasImage": true,
            "principalOrFirstMaker": "Paul Joseph Constantin Gabriël",
            "longTitle": "A Windmill on a Polder Waterway, Known as ‘In the Month of July’, Paul Joseph Constantin Gabriël, c. 1889",
            "showImage": true,
            "permitDownload": true,
            "webImage": {
                "guid": "3e83eca2-5306-4d6d-b499-f86091c81d39",
                "offsetPercentageX": 0,
                "offsetPercentageY": 0,
                "width": 1767,
                "height": 2748,
                "url": "https://lh3.googleusercontent.com/nfJiRConmXf4QR1bK3-E456qIEp2bYtuemyy3P3t7PonntyGJ8iPzFNKJPhZFCSSmJmj2AHePE4V1xl3BOz2NT8mfbNg=s0"
            },
            "headerImage": {
                "guid": "34e94d7f-4d7a-464e-b3f9-eb5532f98c27",
                "offsetPercentageX": 0,
                "offsetPercentageY": 0,
                "width": 1767,
                "height": 424,
                "url": "https://lh3.googleusercontent.com/aBYq1zHv15e7b3QhO20l8calrdCVOljfAjpoZeipAFZi53VhuDD-CFOym2ICOWD10C79flH_nW7rU7XBOQCKq50ozlY=s0"
            },
            "productionPlaces": [
                
            ]
        },
        {
            "links": {
                "self": "http://www.rijksmuseum.nl/api/en/collection/SK-A-3841",
                "web": "http://www.rijksmuseum.nl/en/collection/SK-A-3841"
            },
            "id": "en-SK-A-3841",
            "objectNumber": "SK-A-3841",
            "title": "Worship of the Golden Calf",
            "hasImage": true,
            "principalOrFirstMaker": "Lucas van Leyden",
            "longTitle": "Worship of the Golden Calf, Lucas van Leyden, c. 1530",
            "showImage": true,
            "permitDownload": true,
            "webImage": {
                "guid": "d355c71e-804c-4f01-8449-361a1c68053c",
                "offsetPercentageX": 0,
                "offsetPercentageY": 0,
                "width": 3000,
                "height": 2255,
                "url": "https://lh3.googleusercontent.com/BhqE25cpBVQ8tZUZFsWs4W-cf6LRU0fFtUcC7k24OOjW5en5xJ7mNSfIZQKJZncp7M1B6f6PJrbr0H0MivzQzw_fXJU=s0"
            },
            "headerImage": {
                "guid": "451bc6d0-f740-4dd9-8672-fd71b1c9a999",
                "offsetPercentageX": 0,
                "offsetPercentageY": 0,
                "width": 1920,
                "height": 460,
                "url": "https://lh3.googleusercontent.com/bGpwUdwA70gOHVDGXassviRjbFs1QHOgZG7bc3b7HAzf7h3v8B659aEb2t0lsUQWnQRaWA_ajV7eGLcAdwWztA4Qcac=s0"
            },
            "productionPlaces": [
                "Leiden"
            ]
        },
        {
            "links": {
                "self": "http://www.rijksmuseum.nl/api/en/collection/SK-A-2963",
                "web": "http://www.rijksmuseum.nl/en/collection/SK-A-2963"
            },
            "id": "en-SK-A-2963",
            "objectNumber": "SK-A-2963",
            "title": "Portrait of Don Ramón Satué",
            "hasImage": true,
            "principalOrFirstMaker": "Francisco de Goya",
            "longTitle": "Portrait of Don Ramón Satué, Francisco de Goya, 1823",
            "showImage": true,
            "permitDownload": true,
            "webImage": {
                "guid": "b7e78388-9d9f-4d74-9090-e6529fa572c9",
                "offsetPercentageX": 0,
                "offsetPercentageY": 0,
                "width": 2131,
                "height": 2708,
                "url": "https://lh3.googleusercontent.com/SwwiVAxnwFE_s-k7-bPOZ6jnGfcuVDJoZ-ofLb0Zispb-mJdsfasrE1nTPRcGDPwyEqY0txKpjPcAWaIIltYvvPtDA8=s0"
            },
            "headerImage": {
                "guid": "ddb422b2-6ff0-48dc-92b1-107eccd444cb",
                "offsetPercentageX": 0,
                "offsetPercentageY": 0,
                "width": 1920,
                "height": 460,
                "url": "https://lh3.googleusercontent.com/og1iXSLmAw1SrhMtE_EHWLB46KA5nZWOeTXF_JFltq5tYO7fce59M0tB3kyLDtYez6UX5_Vy2XFdk4vBuD0BKeKnAI0=s0"
            },
            "productionPlaces": [
                
            ]
        },
        {
            "links": {
                "self": "http://www.rijksmuseum.nl/api/en/collection/SK-A-135",
                "web": "http://www.rijksmuseum.nl/en/collection/SK-A-135"
            },
            "id": "en-SK-A-135",
            "objectNumber": "SK-A-135",
            "title": "A Militiaman Holding a Berkemeyer, Known as the ‘Merry Drinker’",
            "hasImage": true,
            "principalOrFirstMaker": "Frans Hals",
            "longTitle": "A Militiaman Holding a Berkemeyer, Known as the ‘Merry Drinker’, Frans Hals, c. 1628 - c. 1630",
            "showImage": true,
            "permitDownload": true,
            "webImage": {
                "guid": "447b11f6-7c16-48b5-a04e-8694929bd7ae",
                "offsetPercentageX": 0,
                "offsetPercentageY": 0,
                "width": 2254,
                "height": 2646,
                "url": "https://lh3.googleusercontent.com/bMCQgUbifzAl-How19Ru06KYgdVuND2pdYzY81zIx3MJ0ld6yqzPnWLVUOu0Aj1JNgK-lFDT2CSjfmQ-erpBdJ6AM4XGAwuQoivxWpJ8=s0"
            },
            "headerImage": {
                "guid": "5ac15e40-35d6-42cf-8680-006c82cccce2",
                "offsetPercentageX": 0,
                "offsetPercentageY": 0,
                "width": 1920,
                "height": 460,
                "url": "https://lh3.googleusercontent.com/vCjqORJ4UHC8N-ikdaZ3GBzYie_0hcAuWDmScq6tEjpOue7paFljrO40RPR2ukNNLquUImn27s3IQMA2_m2YNcyArXGKUFy1W4h3KMBC=s0"
            },
            "productionPlaces": [
                
            ]
        },
        {
            "links": {
                "self": "http://www.rijksmuseum.nl/api/en/collection/SK-C-5",
                "web": "http://www.rijksmuseum.nl/en/collection/SK-C-5"
            },
            "id": "en-SK-C-5",
            "objectNumber": "SK-C-5",
            "title": "The Night Watch",
            "hasImage": true,
            "principalOrFirstMaker": "Rembrandt van Rijn",
            "longTitle": "The Night Watch, Rembrandt van Rijn, 1642",
            "showImage": true,
            "permitDownload": true,
            "webImage": {
                "guid": "bbd1fae8-4023-4859-8ed1-d38616aec96c",
                "offsetPercentageX": 0,
                "offsetPercentageY": 1,
                "width": 5656,
                "height": 4704,
                "url": "https://lh3.googleusercontent.com/SsEIJWka3_cYRXXSE8VD3XNOgtOxoZhqW1uB6UFj78eg8gq3G4jAqL4Z_5KwA12aD7Leqp27F653aBkYkRBkEQyeKxfaZPyDx0O8CzWg=s0"
            },
            "headerImage": {
                "guid": "29a2a516-f1d2-4713-9cbd-7a4458026057",
                "offsetPercentageX": 0,
                "offsetPercentageY": 0,
                "width": 1920,
                "height": 460,
                "url": "https://lh3.googleusercontent.com/nAHNYM604vhPa1hbE_hBJw55JI01-ls0zCwHwvDEES38PpGyGHMgG_vaigVWSuK8GFkaxfn2Dmevw_Nmujn5dKW3jItgS6QaSI8VIsiH=s0"
            },
            "productionPlaces": [
                "Amsterdam"
            ]
        },
        {
            "links": {
                "self": "http://www.rijksmuseum.nl/api/en/collection/SK-C-597",
                "web": "http://www.rijksmuseum.nl/en/collection/SK-C-597"
            },
            "id": "en-SK-C-597",
            "objectNumber": "SK-C-597",
            "title": "Portrait of a Woman, Possibly Maria Trip",
            "hasImage": true,
            "principalOrFirstMaker": "Rembrandt van Rijn",
            "longTitle": "Portrait of a Woman, Possibly Maria Trip, Rembrandt van Rijn, 1639",
            "showImage": true,
            "permitDownload": true,
            "webImage": {
                "guid": "165d03bb-95e8-4447-a911-865f1bd201d6",
                "offsetPercentageX": 0,
                "offsetPercentageY": 0,
                "width": 2031,
                "height": 2676,
                "url": "https://lh3.googleusercontent.com/AyiKhdEWJ7XmtPXQbRg_kWqKn6mCV07bsuUB01hJHjVVP-ZQFmzjTWt7JIWiQFZbb9l5tKFhVOspmco4lMwqwWImfgg=s0"
            },
            "headerImage": {
                "guid": "f0270e59-baca-4429-ba00-d6c37b9ad00f",
                "offsetPercentageX": 0,
                "offsetPercentageY": 0,
                "width": 1920,
                "height": 460,
                "url": "https://lh3.googleusercontent.com/MonorlaCKkTjeFrTBQyCb7kfmq8K--aWrThge7MsTItJxO_cw-8WbwgmTm0jTt-qfaFfnwa1qNEnsGYVHMPmCGmb0Pje=s0"
            },
            "productionPlaces": [
                
            ]
        },
        {
            "links": {
                "self": "http://www.rijksmuseum.nl/api/en/collection/SK-C-217",
                "web": "http://www.rijksmuseum.nl/en/collection/SK-C-217"
            },
            "id": "en-SK-C-217",
            "objectNumber": "SK-C-217",
            "title": "Interior of the Sint-Odulphuskerk in Assendelft",
            "hasImage": true,
            "principalOrFirstMaker": "Pieter Jansz Saenredam",
            "longTitle": "Interior of the Sint-Odulphuskerk in Assendelft, Pieter Jansz Saenredam, 1649",
            "showImage": true,
            "permitDownload": true,
            "webImage": {
                "guid": "f79764d2-9c38-4cc2-a181-db68b6e10806",
                "offsetPercentageX": 0,
                "offsetPercentageY": 0,
                "width": 2500,
                "height": 1645,
                "url": "https://lh3.googleusercontent.com/m_IGl3fefTuaP0r83Yt9yPJR47_LCZfKLlVaMg0jHYwzJCfioMVE5SD8utgPvH_p2SADgqnAprLVEjBueJL8bZznfcp0n6AgCNPwZUPUjA=s0"
            },
            "headerImage": {
                "guid": "f4f3220c-9803-4d7d-8877-90c5c7eca187",
                "offsetPercentageX": 0,
                "offsetPercentageY": 0,
                "width": 1920,
                "height": 460,
                "url": "https://lh3.googleusercontent.com/mCKwAEomRIRsAVTbtssHq2_GFnOawmO_mNyzlDU8cfbQRQ6Lc7-pDEstXzIrq_taCLfYNU6ND-KG_BG17vkFQfTYw-vT0VOKZ4h0nQIy=s0"
            },
            "productionPlaces": [
                
            ]
        },
        {
            "links": {
                "self": "http://www.rijksmuseum.nl/api/en/collection/SK-C-211",
                "web": "http://www.rijksmuseum.nl/en/collection/SK-C-211"
            },
            "id": "en-SK-C-211",
            "objectNumber": "SK-C-211",
            "title": "The Windmill at Wijk bij Duurstede",
            "hasImage": true,
            "principalOrFirstMaker": "Jacob Isaacksz van Ruisdael",
            "longTitle": "The Windmill at Wijk bij Duurstede, Jacob Isaacksz van Ruisdael, c. 1668 - c. 1670",
            "showImage": true,
            "permitDownload": true,
            "webImage": {
                "guid": "bbb79014-8ebd-4922-ad48-fd4ee8c61bd2",
                "offsetPercentageX": 0,
                "offsetPercentageY": 0,
                "width": 2880,
                "height": 2376,
                "url": "https://lh3.googleusercontent.com/3EDrQy1jW6akN2k8eAeCECHJ1FmvM1f2pb9a-de51ErcQcghh7cbpzFIh-QYdcGfpi3FjxH1AP6C_FvPNR-I9n8I4No=s0"
            },
            "headerImage": {
                "guid": "a47bcb3d-ce7e-42f4-a7b9-e9f6efcc397d",
                "offsetPercentageX": 0,
                "offsetPercentageY": 0,
                "width": 1920,
                "height": 460,
                "url": "https://lh3.googleusercontent.com/9JwJBbWxRi8Bhvjm3IDfWNr_u-NbZ3ReOXWJ-WKRHgONrACjGDxQi4I4scIvqVOaPTEyfA0HqPRwaAlmauq0EKlc9wY=s0"
            },
            "productionPlaces": [
                
            ]
        },
        {
            "links": {
                "self": "http://www.rijksmuseum.nl/api/en/collection/SK-A-3580",
                "web": "http://www.rijksmuseum.nl/en/collection/SK-A-3580"
            },
            "id": "en-SK-A-3580",
            "objectNumber": "SK-A-3580",
            "title": "The Singel Bridge at the Paleisstraat in Amsterdam",
            "hasImage": true,
            "principalOrFirstMaker": "George Hendrik Breitner",
            "longTitle": "The Singel Bridge at the Paleisstraat in Amsterdam, George Hendrik Breitner, 1898",
            "showImage": true,
            "permitDownload": true,
            "webImage": {
                "guid": "cd15e2fa-b1f6-41f4-9e9e-c2ca87abcca3",
                "offsetPercentageX": 0,
                "offsetPercentageY": 0,
                "width": 2880,
                "height": 1897,
                "url": "https://lh3.googleusercontent.com/Bawo7r1nPZV6sJ4OHZJHdKV_4Ky59vquAR7KoUXcNZgx9fqTaOW-QaOM9qoyYhOTAopzjt9OIfW06RMwa-9eJW9KjQw=s0"
            },
            "headerImage": {
                "guid": "fef39f74-9783-44c9-acae-69eac3a76b01",
                "offsetPercentageX": 0,
                "offsetPercentageY": 0,
                "width": 1920,
                "height": 460,
                "url": "https://lh3.googleusercontent.com/jR6y5a8lFvgYe37WxLPQJZTjBAaBB6aIFYMsFw9gGP1y69TltkVQdWQVoZhSyGN9ZnPKR5taEJPbGhUBSDxlOmNqoyI=s0"
            },
            "productionPlaces": [
                "Amsterdam"
            ]
        },
        {
            "links": {
                "self": "http://www.rijksmuseum.nl/api/en/collection/SK-A-4",
                "web": "http://www.rijksmuseum.nl/en/collection/SK-A-4"
            },
            "id": "en-SK-A-4",
            "objectNumber": "SK-A-4",
            "title": "The Threatened Swan",
            "hasImage": true,
            "principalOrFirstMaker": "Jan Asselijn",
            "longTitle": "The Threatened Swan, Jan Asselijn, c. 1650",
            "showImage": true,
            "permitDownload": true,
            "webImage": {
                "guid": "2f3951aa-bbde-4e10-bbf8-0fcb2c0ed08a",
                "offsetPercentageX": 0,
                "offsetPercentageY": 0,
                "width": 2916,
                "height": 2459,
                "url": "https://lh3.googleusercontent.com/tm1DbZrAP0uBM-OJhLwvKir1Le5LglRF_bvbaNi6m-F_pIyttsWQz040soRY9pWA9PgNEYFA_fBkg_keYixRXCAjz9Q=s0"
            },
            "headerImage": {
                "guid": "8fb60afb-0fb2-496f-ab33-921077fc13df",
                "offsetPercentageX": 0,
                "offsetPercentageY": 0,
                "width": 1920,
                "height": 460,
                "url": "https://lh3.googleusercontent.com/YwB03AMldxZhUOsLJYjKEfz5L15-WpbyvdFVctMbysr8McUY8rePhcgpIU7mJft7SOSqknEjbx55I6LnS2LC13peFUwk=s0"
            },
            "productionPlaces": [
                
            ]
        },
        {
            "links": {
                "self": "http://www.rijksmuseum.nl/api/en/collection/SK-A-1115",
                "web": "http://www.rijksmuseum.nl/en/collection/SK-A-1115"
            },
            "id": "en-SK-A-1115",
            "objectNumber": "SK-A-1115",
            "title": "The Battle of Waterloo",
            "hasImage": true,
            "principalOrFirstMaker": "Jan Willem Pieneman",
            "longTitle": "The Battle of Waterloo, Jan Willem Pieneman, 1824",
            "showImage": true,
            "permitDownload": true,
            "webImage": {
                "guid": "926aee2c-c444-4a41-9ec3-8b2a9a819f62",
                "offsetPercentageX": 0,
                "offsetPercentageY": 0,
                "width": 2500,
                "height": 1655,
                "url": "https://lh3.googleusercontent.com/MHkVLylkz-ITQAhXck5aQUTXxJX6xequIQbsppMh9eFx2fbg1Botuex8eQidQwyAgGttsISWm2FDipZ0SD5CWEIm_WA=s0"
            },
            "headerImage": {
                "guid": "0b7c2de5-69ce-423a-8354-3532311c28aa",
                "offsetPercentageX": 0,
                "offsetPercentageY": 0,
                "width": 1920,
                "height": 460,
                "url": "https://lh3.googleusercontent.com/MvxENZDGuhzWMMm8N1yilwrvr4CGFLy4nm1G3ZI58_eEM87L6h-MjggKo_sgcBDlHzvI6lMILOkB4n5LjaQPGpkPC1g=s0"
            },
            "productionPlaces": [
                
            ]
        },
        {
            "links": {
                "self": "http://www.rijksmuseum.nl/api/en/collection/SK-A-2860",
                "web": "http://www.rijksmuseum.nl/en/collection/SK-A-2860"
            },
            "id": "en-SK-A-2860",
            "objectNumber": "SK-A-2860",
            "title": "View of Houses in Delft, Known as ‘The Little Street’",
            "hasImage": true,
            "principalOrFirstMaker": "Johannes Vermeer",
            "longTitle": "View of Houses in Delft, Known as ‘The Little Street’, Johannes Vermeer, c. 1658",
            "showImage": true,
            "permitDownload": true,
            "webImage": {
                "guid": "861e23e9-2147-46f4-9a0c-6069b8919e47",
                "offsetPercentageX": 0,
                "offsetPercentageY": 1,
                "width": 2038,
                "height": 2500,
                "url": "https://lh3.googleusercontent.com/N-coqwrkCI2zYd6nTtGEpLPwB4nOKJVxcXmCCKg0WrcEp4gDj44NdWZy_DoI5yPrWzTX7qZQrc9I1UlB-zBdMNrZWLYh4A1FtX1eimZ5=s0"
            },
            "headerImage": {
                "guid": "746a0cae-e0c6-4f0a-b3e5-f45864a51492",
                "offsetPercentageX": 0,
                "offsetPercentageY": 0,
                "width": 1920,
                "height": 460,
                "url": "https://lh3.googleusercontent.com/Ad1tjXmvRO-yS4csswUb6AQq76ByKjqBq8Vpbe8zfPqGvZrJi9B07708W__vvBlN5OkNt3YJfPSSh_AI1I0L0gUWXdngWOUXfQj9CiI=s0"
            },
            "productionPlaces": [
                
            ]
        },
        {
            "links": {
                "self": "http://www.rijksmuseum.nl/api/en/collection/SK-A-4691",
                "web": "http://www.rijksmuseum.nl/en/collection/SK-A-4691"
            },
            "id": "en-SK-A-4691",
            "objectNumber": "SK-A-4691",
            "title": "Self-portrait",
            "hasImage": true,
            "principalOrFirstMaker": "Rembrandt van Rijn",
            "longTitle": "Self-portrait, Rembrandt van Rijn, c. 1628",
            "showImage": true,
            "permitDownload": true,
            "webImage": {
                "guid": "89de22aa-e19f-4c83-87ff-26dd8f319c05",
                "offsetPercentageX": 0,
                "offsetPercentageY": 0,
                "width": 2118,
                "height": 2598,
                "url": "https://lh3.googleusercontent.com/7qzT0pbclLB7y3fdS1GxzMnV7m3gD3gWnhlquhFaJSn6gNOvMmTUAX3wVlTzhMXIs8kM9IH8AsjHNVTs8em3XQI6uMY=s0"
            },
            "headerImage": {
                "guid": "99061015-b788-42ed-a9d8-06db0bcf39e3",
                "offsetPercentageX": 0,
                "offsetPercentageY": 0,
                "width": 1920,
                "height": 460,
                "url": "https://lh3.googleusercontent.com/WKIxue0nAIOYj00nGVoO4DTP9rU2na0qat5eoIuQTf6Fbp4mHHm-wbCes1Oo6K_6IdMl6Z_OCjGW_juCCf_jvQqaKw=s0"
            },
            "productionPlaces": [
                
            ]
        },
        {
            "links": {
                "self": "http://www.rijksmuseum.nl/api/en/collection/SK-A-2099",
                "web": "http://www.rijksmuseum.nl/en/collection/SK-A-2099"
            },
            "id": "en-SK-A-2099",
            "objectNumber": "SK-A-2099",
            "title": "Still Life with Asparagus",
            "hasImage": true,
            "principalOrFirstMaker": "Adriaen Coorte",
            "longTitle": "Still Life with Asparagus, Adriaen Coorte, 1697",
            "showImage": true,
            "permitDownload": true,
            "webImage": {
                "guid": "d0c3b966-dc1d-4845-bafd-feafcc2a081d",
                "offsetPercentageX": 0,
                "offsetPercentageY": 0,
                "width": 2072,
                "height": 2564,
                "url": "https://lh3.googleusercontent.com/qEnlrp5MyHgLIVvrQR3HYtMBhQaLsxCmhBB15DCxX07l_rAvKqjKAXgCkgigYYxA2hGls9riG6Xfn_K_V5_GMfd_0bE=s0"
            },
            "headerImage": {
                "guid": "a3af4b53-154c-452d-96c6-5bb4528fa455",
                "offsetPercentageX": 0,
                "offsetPercentageY": 0,
                "width": 1920,
                "height": 460,
                "url": "https://lh3.googleusercontent.com/hEyoYfjyCji2WjliEMiMBJvrrH0lyHZLCS4jozSfWQBV8ts8jOWojggpLfX8bJ666XPtuT5Yovm7M9VQSBEIRa_ASY0=s0"
            },
            "productionPlaces": [
                
            ]
        },
        {
            "links": {
                "self": "http://www.rijksmuseum.nl/api/en/collection/SK-A-1796",
                "web": "http://www.rijksmuseum.nl/en/collection/SK-A-1796"
            },
            "id": "en-SK-A-1796",
            "objectNumber": "SK-A-1796",
            "title": "The Fête champêtre",
            "hasImage": true,
            "principalOrFirstMaker": "Dirck Hals",
            "longTitle": "The Fête champêtre, Dirck Hals, 1627",
            "showImage": true,
            "permitDownload": true,
            "webImage": {
                "guid": "a7ed1208-15a3-4ea3-867c-7a2ed7bf3cd4",
                "offsetPercentageX": 0,
                "offsetPercentageY": 1,
                "width": 2946,
                "height": 1656,
                "url": "https://lh3.googleusercontent.com/zjehg1KWc2C2s4c3ThD3v1ROk8PFjj2c-6ZcIoLzmBp-bQ17AkF7EijTqWuXx6YbGWrAJA04Tqm3AVcLsqEifHEyMAbEoZ9ROiUUZjbYNw=s0"
            },
            "headerImage": {
                "guid": "2e6ea4f4-6c98-44fc-b9ba-ee3bae2d7c3b",
                "offsetPercentageX": 0,
                "offsetPercentageY": 0,
                "width": 1920,
                "height": 460,
                "url": "https://lh3.googleusercontent.com/PcLsgjYFZZhDTuSgToulTcRUH8io6NpZTWyccYl1PaQ1sum1D_DBYZADFn6kSWv3hwgwsf8ozd8uF9PGG2U9JDp0AxBsLczLdHixmDk=s0"
            },
            "productionPlaces": [
                
            ]
        },
        {
            "links": {
                "self": "http://www.rijksmuseum.nl/api/en/collection/SK-A-4100",
                "web": "http://www.rijksmuseum.nl/en/collection/SK-A-4100"
            },
            "id": "en-SK-A-4100",
            "objectNumber": "SK-A-4100",
            "title": " The Art Gallery of Jan Gildemeester Jansz",
            "hasImage": true,
            "principalOrFirstMaker": "Adriaan de Lelie",
            "longTitle": " The Art Gallery of Jan Gildemeester Jansz, Adriaan de Lelie, 1794 - 1795",
            "showImage": true,
            "permitDownload": true,
            "webImage": {
                "guid": "c3a05f6b-4b71-4cfd-ab8d-3c7d79e08ea1",
                "offsetPercentageX": 0,
                "offsetPercentageY": 1,
                "width": 2500,
                "height": 1865,
                "url": "https://lh3.googleusercontent.com/vkoS9jmZLZWuWH1LNIG3eJUVI6W7XqOUKmFf_lcuB4m1nJydWPXZGggi3XGwmirNj1wLdiO7sH6x5fJ60XJnH2expg=s0"
            },
            "headerImage": {
                "guid": "36b54f3a-46a6-4c24-b804-ce2b5b86f45a",
                "offsetPercentageX": 0,
                "offsetPercentageY": 0,
                "width": 1920,
                "height": 460,
                "url": "https://lh3.googleusercontent.com/YjKvOkkf3epcceNunYHLeCrDFYNfADyeWnx_TkKyF1tzWPhotNzQaLztgeyfujmhgLG1LSBUv_oOtGL0bTWmgYxBEw=s0"
            },
            "productionPlaces": [
                
            ]
        },
        {
            "links": {
                "self": "http://www.rijksmuseum.nl/api/en/collection/SK-A-2815",
                "web": "http://www.rijksmuseum.nl/en/collection/SK-A-2815"
            },
            "id": "en-SK-A-2815",
            "objectNumber": "SK-A-2815",
            "title": "The Seven Works of Mercy",
            "hasImage": true,
            "principalOrFirstMaker": "Master of Alkmaar",
            "longTitle": "The Seven Works of Mercy, Master of Alkmaar, 1504",
            "showImage": true,
            "permitDownload": true,
            "webImage": {
                "guid": "dbb93884-cd17-4c10-a32e-2fb0aa9bdce5",
                "offsetPercentageX": 0,
                "offsetPercentageY": 0,
                "width": 2500,
                "height": 635,
                "url": "https://lh3.googleusercontent.com/PKiHHjb5ov-6RQm4WjTmQL7gQsiqz-jTgy6aJoUfXFPB-FPJF2XMcgjdpf0rMfPtQoePma2oYkAiN83RDwlyU34phg=s0"
            },
            "headerImage": {
                "guid": "8b08174c-b8f1-4a40-a8f8-20d98d426183",
                "offsetPercentageX": 0,
                "offsetPercentageY": 0,
                "width": 1920,
                "height": 460,
                "url": "https://lh3.googleusercontent.com/lEPMS16z9Y8aEsbUYI-zE-rTFqKa8AE63loPpzSkZWFFJ8RSxA7BKvgGsn3yOvC6udiX61dF4_smw3SG0-yfksfQ8YDs=s0"
            },
            "productionPlaces": [
                
            ]
        },
        {
            "links": {
                "self": "http://www.rijksmuseum.nl/api/en/collection/BK-17040-A",
                "web": "http://www.rijksmuseum.nl/en/collection/BK-17040-A"
            },
            "id": "en-BK-17040-A",
            "objectNumber": "BK-17040-A",
            "title": "Table ornament",
            "hasImage": true,
            "principalOrFirstMaker": "Wenzel Jamnitzer",
            "longTitle": "Table ornament, Wenzel Jamnitzer, 1549",
            "showImage": true,
            "permitDownload": true,
            "webImage": {
                "guid": "219e43c9-6b48-4861-a0af-9269dba7e7ef",
                "offsetPercentageX": 0,
                "offsetPercentageY": 0,
                "width": 1441,
                "height": 2500,
                "url": "https://lh6.ggpht.com/9ulJVSDjPC6uiOPm-0Lj44cicGWRmukCmE98Ut3EAn6BhQeo76QZe_YIGiMTTX9rr4k3nqPymTmhrGjZDohEIR5ZrQ=s0"
            },
            "headerImage": {
                "guid": "a7552298-f31f-4a34-b238-eab665305821",
                "offsetPercentageX": 0,
                "offsetPercentageY": 0,
                "width": 1441,
                "height": 346,
                "url": "https://lh4.ggpht.com/n-uNMbZpfgUwOtBa7dOqU9KiTqsLIeGTmMoXMl6mLNoyXjsq5Mv-BjB6n8a6JfP-HK0qgvqrld_5KFALiaEAhN2yR1rk=s0"
            },
            "productionPlaces": [
                
            ]
        },
        {
            "links": {
                "self": "http://www.rijksmuseum.nl/api/en/collection/NG-444",
                "web": "http://www.rijksmuseum.nl/en/collection/NG-444"
            },
            "id": "en-NG-444",
            "objectNumber": "NG-444",
            "title": "Chest with nine bottles",
            "hasImage": true,
            "principalOrFirstMaker": "anonymous",
            "longTitle": "Chest with nine bottles, anonymous, c. 1680 - c. 1700",
            "showImage": true,
            "permitDownload": true,
            "webImage": {
                "guid": "4aea74b3-682a-482d-8cad-f4ea0b78abd5",
                "offsetPercentageX": 0,
                "offsetPercentageY": 0,
                "width": 2500,
                "height": 2141,
                "url": "https://lh4.ggpht.com/zj4XExq5RGqvpQZO-gH2HsJ10eSJeGDrbuz4WSBsU0G_eSJGGVrseRSHUJFD2UouStnTSscr70Xz4M7GLWtBrmU3Zw=s0"
            },
            "headerImage": {
                "guid": "0b2a1edf-05e9-47be-90ea-91ce24136dd0",
                "offsetPercentageX": 0,
                "offsetPercentageY": 0,
                "width": 1920,
                "height": 460,
                "url": "https://lh5.ggpht.com/vA6oNf_cf5kcoK2m_7B8QcbhRXIiAA9gXDypHa-cFkXSnRL3vtV2XxRsLhm3IqiAOOBivYuQPF0H1uj4SRuUwkyFH-k=s0"
            },
            "productionPlaces": [
                "Japan",
                "Batavia"
            ]
        },
        {
            "links": {
                "self": "http://www.rijksmuseum.nl/api/en/collection/BK-NM-1010",
                "web": "http://www.rijksmuseum.nl/en/collection/BK-NM-1010"
            },
            "id": "en-BK-NM-1010",
            "objectNumber": "BK-NM-1010",
            "title": "Dolls’ house of Petronella Oortman",
            "hasImage": true,
            "principalOrFirstMaker": "anonymous",
            "longTitle": "Dolls’ house of Petronella Oortman, anonymous, c. 1686 - c. 1710",
            "showImage": true,
            "permitDownload": true,
            "webImage": {
                "guid": "8c3131da-1405-426f-9b23-5671a93920af",
                "offsetPercentageX": 0,
                "offsetPercentageY": 0,
                "width": 2500,
                "height": 2266,
                "url": "https://lh3.ggpht.com/OIaBDlLOhgpAQHGdfYfIh0ygXRqgBNR-tW7se4OTwOtD6dsr6xLAmp8u_pfsqJ-0EqB_wbCF_0mvCl979lWxfFIyFQQ=s0"
            },
            "headerImage": {
                "guid": "fde471c0-800c-4bea-b28e-a8523a1b643f",
                "offsetPercentageX": 0,
                "offsetPercentageY": 0,
                "width": 1920,
                "height": 460,
                "url": "https://lh3.ggpht.com/QARSFMHdk59lhi0GnyZzxvqkt3rMLpYrBI8dXqEVjnbLgcb4PudxSzYaLxju5Juo4CzwwSC2wlq2ZDUMXw54tIhgmF0=s0"
            },
            "productionPlaces": [
                "Amsterdam"
            ]
        },
        {
            "links": {
                "self": "http://www.rijksmuseum.nl/api/en/collection/BK-1975-81",
                "web": "http://www.rijksmuseum.nl/en/collection/BK-1975-81"
            },
            "id": "en-BK-1975-81",
            "objectNumber": "BK-1975-81",
            "title": "Cupboard",
            "hasImage": true,
            "principalOrFirstMaker": "Herman Doomer",
            "longTitle": "Cupboard, Herman Doomer, c. 1635 - c. 1645",
            "showImage": true,
            "permitDownload": true,
            "webImage": {
                "guid": "94d81c2d-603d-45ff-a40c-9d0d043ee64a",
                "offsetPercentageX": 0,
                "offsetPercentageY": 0,
                "width": 2189,
                "height": 2500,
                "url": "https://lh3.googleusercontent.com/ZYQ7IcfJ45yQOPnmhzBkZK2mc2F_e7bUMDgKaY-miSl0f8y3o-Q--H3R81q-2q1cfqFqoDlDgyLDW3OHJqin_ugnB_KRIfZaV-9xX2Y=s0"
            },
            "headerImage": {
                "guid": "fe1d23fe-b4e3-4b27-9c1d-ac40456e928e",
                "offsetPercentageX": 0,
                "offsetPercentageY": 0,
                "width": 1920,
                "height": 460,
                "url": "https://lh3.googleusercontent.com/mvlBhmGyd2EQdipaQBx_LvCtx4f9Szqu-OYk-CgqMdvS0yVOZTF8XsJ_Q8kXNaLgMXviZ5p13Rxi1gzWD_ILNa1AtZLZgh_7QP-CLSY=s0"
            },
            "productionPlaces": [
                
            ]
        },
        {
            "links": {
                "self": "http://www.rijksmuseum.nl/api/en/collection/BK-17496",
                "web": "http://www.rijksmuseum.nl/en/collection/BK-17496"
            },
            "id": "en-BK-17496",
            "objectNumber": "BK-17496",
            "title": "Blue Macaw",
            "hasImage": true,
            "principalOrFirstMaker": "Meissener Porzellan Manufaktur",
            "longTitle": "Blue Macaw, Meissener Porzellan Manufaktur, 1731",
            "showImage": true,
            "permitDownload": true,
            "webImage": {
                "guid": "fb490c6f-638a-44a8-81d3-ea27a04eae46",
                "offsetPercentageX": 0,
                "offsetPercentageY": 0,
                "width": 1822,
                "height": 2500,
                "url": "https://lh3.ggpht.com/5sc-SGzzgobkHnmnykUi4B1PqMtadoFqXOhYLQmsAI0Mcs_FeCoXT6loaiAUhr_zKvp2iyXntDxVhCzeVwjFulsjzRE=s0"
            },
            "headerImage": {
                "guid": "a355f7dd-d274-4797-9d71-e8f2fb0661ec",
                "offsetPercentageX": 0,
                "offsetPercentageY": 0,
                "width": 1822,
                "height": 437,
                "url": "https://lh3.ggpht.com/uXIT4pKPtocEUVmq6KZNWz4tSygyUZPi7HCCTq4big12nOUFBxJCIBM8vrDwepAM62ABjG-V6JnALRGgxJqWCfBLTQ=s0"
            },
            "productionPlaces": [
                
            ]
        },
        {
            "links": {
                "self": "http://www.rijksmuseum.nl/api/en/collection/BK-KOG-656",
                "web": "http://www.rijksmuseum.nl/en/collection/BK-KOG-656"
            },
            "id": "en-BK-KOG-656",
            "objectNumber": "BK-KOG-656",
            "title": "Cabinet of a Militia Company",
            "hasImage": true,
            "principalOrFirstMaker": "anonymous",
            "longTitle": "Cabinet of a Militia Company, anonymous, c. 1520 - c. 1530",
            "showImage": true,
            "permitDownload": true,
            "webImage": {
                "guid": "d8859bc4-e2e6-4283-9997-d591f3630776",
                "offsetPercentageX": 0,
                "offsetPercentageY": 0,
                "width": 1899,
                "height": 2500,
                "url": "https://lh6.ggpht.com/y9FmgZB4UrtrBz5hmXjWwIKSgXs_UcARxiYGtRJEeAfZ8kD1BQ_xORtEXcjXLjxwWYskHt7fBX7KHe7RX9ZB39IMpQ=s0"
            },
            "headerImage": {
                "guid": "a3aaae33-0dd7-4f96-a91f-682753799bde",
                "offsetPercentageX": 0,
                "offsetPercentageY": 0,
                "width": 1919,
                "height": 460,
                "url": "https://lh5.ggpht.com/QNF3g3vJCeTCAltS9sbBODpYZTS5Vx_cf7uhlyH70hYiFRaOFMein2BtG8pydxaj4dtAMLTYr0zGxaKhclD8Fs4xOsTF=s0"
            },
            "productionPlaces": [
                
            ]
        },
        {
            "links": {
                "self": "http://www.rijksmuseum.nl/api/en/collection/NG-KOG-1208",
                "web": "http://www.rijksmuseum.nl/en/collection/NG-KOG-1208"
            },
            "id": "en-NG-KOG-1208",
            "objectNumber": "NG-KOG-1208",
            "title": "Book chest of Hugo de Groot",
            "hasImage": true,
            "principalOrFirstMaker": "anonymous",
            "longTitle": "Book chest of Hugo de Groot, anonymous, c. 1600 - c. 1615",
            "showImage": true,
            "permitDownload": true,
            "webImage": {
                "guid": "ca37e593-a8d7-4ddd-8d69-1360a343e8fb",
                "offsetPercentageX": 0,
                "offsetPercentageY": 1,
                "width": 2500,
                "height": 1875,
                "url": "https://lh6.ggpht.com/2EO0M6YvvVy1QQ3VVHsWXuTWOomEJwp26G9bxRa3uE-lp66MNlhU-Bbi9mEcDDPuCMFXH3ZGaaTTHwpcORo6qO1EwrAX=s0"
            },
            "headerImage": {
                "guid": "000fd881-7317-426f-9604-3ff9cd008129",
                "offsetPercentageX": 0,
                "offsetPercentageY": 0,
                "width": 1920,
                "height": 460,
                "url": "https://lh6.ggpht.com/7wvv1JiT7ifUlpt_9ecG9ebDacjsmIugkC_V6EhQgd0rP05Nn7Src5QoK3p2_XVo6QBdZPrIjBoEldE4mvNV4jCvKzbK=s0"
            },
            "productionPlaces": [
                "Northern Netherlands"
            ]
        },
        {
            "links": {
                "self": "http://www.rijksmuseum.nl/api/en/collection/SK-A-500",
                "web": "http://www.rijksmuseum.nl/en/collection/SK-A-500"
            },
            "id": "en-SK-A-500",
            "objectNumber": "SK-A-500",
            "title": "The Holy Kinship",
            "hasImage": true,
            "principalOrFirstMaker": "Geertgen tot Sint Jans",
            "longTitle": "The Holy Kinship, Geertgen tot Sint Jans (workshop of), c. 1495",
            "showImage": true,
            "permitDownload": true,
            "webImage": {
                "guid": "fe12a6fa-fda9-47ee-99da-50a2b12c0abb",
                "offsetPercentageX": 0,
                "offsetPercentageY": 0,
                "width": 2040,
                "height": 2658,
                "url": "https://lh3.googleusercontent.com/qjkiSAC89H2lvsgogjCe6WGLzMFNgdoCLHwRngvUX6BACTFTggkzIXE99tz9Em-hTf44MS9YeRsxCjDkW7tfC9lprw=s0"
            },
            "headerImage": {
                "guid": "fe1b786d-943d-4bd8-9dc1-1559ffa45343",
                "offsetPercentageX": 0,
                "offsetPercentageY": 0,
                "width": 1920,
                "height": 460,
                "url": "https://lh3.googleusercontent.com/lktwooJWkHdMdbDh8RiQrGuMBh2QojMAVgbwMHs7ebBxe6XPgj-RFMAplaffrb9jfvaRUcYy3JucDArwqHf1HnO3QA=s0"
            },
            "productionPlaces": [
                "Haarlem"
            ]
        },
        {
            "links": {
                "self": "http://www.rijksmuseum.nl/api/en/collection/SK-C-1368",
                "web": "http://www.rijksmuseum.nl/en/collection/SK-C-1368"
            },
            "id": "en-SK-C-1368",
            "objectNumber": "SK-C-1368",
            "title": "Portraits of Giuliano and Francesco Giamberti da Sangallo",
            "hasImage": true,
            "principalOrFirstMaker": "Piero di Cosimo",
            "longTitle": "Portraits of Giuliano and Francesco Giamberti da Sangallo, Piero di Cosimo, 1482 - 1485",
            "showImage": true,
            "permitDownload": true,
            "webImage": {
                "guid": "15563bd2-2fde-4b91-9984-ba6c6b166277",
                "offsetPercentageX": 0,
                "offsetPercentageY": 0,
                "width": 2143,
                "height": 1520,
                "url": "https://lh3.googleusercontent.com/N2m90mImdcoLacUybb_rxcktTwtr0LFhtuzxbSE9elIhElF6jpWngx96_uZ0L1TGNof5pNt4n_Ygb4KYlPTpA9o6788=s0"
            },
            "headerImage": {
                "guid": "76249f29-b230-41ac-aa38-1dcb8476b614",
                "offsetPercentageX": 0,
                "offsetPercentageY": 0,
                "width": 1920,
                "height": 460,
                "url": "https://lh3.googleusercontent.com/F0vBT6rGd8T1kb6oMdGZKHaGIZCHg3-CbL24iyZodWm55-GKptRyXg4BB-cf3FvS634hwjR30RwoHdQZ9YuSexM8QxA=s0"
            },
            "productionPlaces": [
                
            ]
        },
        {
            "links": {
                "self": "http://www.rijksmuseum.nl/api/en/collection/SK-C-216",
                "web": "http://www.rijksmuseum.nl/en/collection/SK-C-216"
            },
            "id": "en-SK-C-216",
            "objectNumber": "SK-C-216",
            "title": "Isaac and Rebecca, Known as ‘The Jewish Bride’",
            "hasImage": true,
            "principalOrFirstMaker": "Rembrandt van Rijn",
            "longTitle": "Isaac and Rebecca, Known as ‘The Jewish Bride’, Rembrandt van Rijn, c. 1665 - c. 1669",
            "showImage": true,
            "permitDownload": true,
            "webImage": {
                "guid": "2fe159d5-619a-46d3-b3d2-9412e6f6bdd8",
                "offsetPercentageX": 0,
                "offsetPercentageY": 0,
                "width": 2500,
                "height": 1817,
                "url": "https://lh3.googleusercontent.com/mAyAjvYjIeAIlByhJx1Huctgeb58y7519XYP38oL1FXarhVlcXW7kxuwayOCFdnwtOp6B6F0HJmmws-Ceo5b_pNSSQs=s0"
            },
            "headerImage": {
                "guid": "10911bfe-4e23-4c3a-95f7-515609f4d711",
                "offsetPercentageX": 0,
                "offsetPercentageY": 0,
                "width": 1925,
                "height": 461,
                "url": "https://lh3.googleusercontent.com/0fTHP4xUsJZbQjzIHYtgHr1gRWBXjm9udaZT4ah35J_LyNzga-SyI0h61klse9sJqn53eUfuVIWZvP8IhW0jN4v91SM=s0"
            },
            "productionPlaces": [
                
            ]
        },
        {
            "links": {
                "self": "http://www.rijksmuseum.nl/api/en/collection/SK-C-1367",
                "web": "http://www.rijksmuseum.nl/en/collection/SK-C-1367"
            },
            "id": "en-SK-C-1367",
            "objectNumber": "SK-C-1367",
            "title": "Portraits of Giuliano and Francesco Giamberti da Sangallo",
            "hasImage": true,
            "principalOrFirstMaker": "Piero di Cosimo",
            "longTitle": "Portraits of Giuliano and Francesco Giamberti da Sangallo, Piero di Cosimo, 1482 - 1485",
            "showImage": true,
            "permitDownload": true,
            "webImage": {
                "guid": "277544ba-1a56-4492-84ee-3206ac4f24be",
                "offsetPercentageX": 0,
                "offsetPercentageY": 0,
                "width": 2143,
                "height": 1520,
                "url": "https://lh3.googleusercontent.com/x9NFmu-RbZ_9M5BK_hOzQRdVj4pu7p--y_IYwDK46lDPzQtTIO9AlBV_ObgQiY7GeWE0ZfNjMSyrCWgnwL4MCasQZQ=s0"
            },
            "headerImage": {
                "guid": "7fb8102f-3c26-4150-92a0-bdc5a67f123a",
                "offsetPercentageX": 0,
                "offsetPercentageY": 0,
                "width": 1920,
                "height": 460,
                "url": "https://lh3.googleusercontent.com/hHPZI5KMVFhS-tuGtcoo-WR0VMACT_7iypmXi9gCY2Gwg0BIK6irZN5GCihU7dcTskM1rEFIKs26M6S1W_oEzun0iR0I=s0"
            },
            "productionPlaces": [
                
            ]
        },
        {
            "links": {
                "self": "http://www.rijksmuseum.nl/api/en/collection/SK-A-404",
                "web": "http://www.rijksmuseum.nl/en/collection/SK-A-404"
            },
            "id": "en-SK-A-404",
            "objectNumber": "SK-A-404",
            "title": "Gallant Conversation, Known as ‘The Paternal Admonition’",
            "hasImage": true,
            "principalOrFirstMaker": "Gerard ter Borch (II)",
            "longTitle": "Gallant Conversation, Known as ‘The Paternal Admonition’, Gerard ter Borch (II), c. 1654",
            "showImage": true,
            "permitDownload": true,
            "webImage": {
                "guid": "0a412739-59a2-47e5-8ba9-0a5188cec553",
                "offsetPercentageX": 0,
                "offsetPercentageY": 1,
                "width": 2593,
                "height": 2514,
                "url": "https://lh3.googleusercontent.com/FNNTrTASiUR0f49UVUY5bisIM-3RlAbf_AmktgnU_4ou1ZG0juh3pMT1-xpQmtN1R8At4Gq9B4ioSSi4TVrgbCZsmtY=s0"
            },
            "headerImage": {
                "guid": "48d5a82a-915f-4e94-af3d-78437355c255",
                "offsetPercentageX": 0,
                "offsetPercentageY": 0,
                "width": 1920,
                "height": 460,
                "url": "https://lh3.googleusercontent.com/bBM9yfaUXXZQF7mfnEwoCB_fv-tviTZfiZ3zucZlCH6nEHy9PnWJ2cNmAnad4hWQcJEpCJ0PpAlCvc3RKJ6YlPG_zZl2=s0"
            },
            "productionPlaces": [
                
            ]
        },
        {
            "links": {
                "self": "http://www.rijksmuseum.nl/api/en/collection/BK-1976-75",
                "web": "http://www.rijksmuseum.nl/en/collection/BK-1976-75"
            },
            "id": "en-BK-1976-75",
            "objectNumber": "BK-1976-75",
            "title": "Lidded ewer",
            "hasImage": true,
            "principalOrFirstMaker": "Adam van Vianen (I)",
            "longTitle": "Lidded ewer, Adam van Vianen (I), 1614",
            "showImage": true,
            "permitDownload": true,
            "webImage": {
                "guid": "b7593955-22ca-4628-89f9-4f11d4f245d2",
                "offsetPercentageX": 0,
                "offsetPercentageY": 0,
                "width": 5490,
                "height": 7485,
                "url": "https://lh3.googleusercontent.com/Ovyo5Lk0AJGQtOvaFAc3ftMiDwPgLlEhl70T93W7s5QtNm5I33t4vMsA2JJ10i5srucjNOdzjQlvyyCKf_DGKUdEirI=s0"
            },
            "headerImage": {
                "guid": "f1af8da6-16f4-4357-9936-e1ed2a02928c",
                "offsetPercentageX": 0,
                "offsetPercentageY": 0,
                "width": 1920,
                "height": 460,
                "url": "https://lh3.googleusercontent.com/0DCTJOH0oyRfYZpAjbrwz4NY0LGbjYzmSwZ6Cu-VXoULvXhjrZOi6ABJUwOOXfF1qhDocyiV2yK-dOAs9XcID2o0Ibc=s0"
            },
            "productionPlaces": [
                "Utrecht"
            ]
        },
        {
            "links": {
                "self": "http://www.rijksmuseum.nl/api/en/collection/BK-NM-13150",
                "web": "http://www.rijksmuseum.nl/en/collection/BK-NM-13150"
            },
            "id": "en-BK-NM-13150",
            "objectNumber": "BK-NM-13150",
            "title": "Portrait of Michiel de Ruyter",
            "hasImage": true,
            "principalOrFirstMaker": "Rombout Verhulst",
            "longTitle": "Portrait of Michiel de Ruyter, Rombout Verhulst, in or after 1677 - in or before 1681",
            "showImage": true,
            "permitDownload": true,
            "webImage": {
                "guid": "dfb56cbe-6e82-4f6f-aa7a-b560ed91f07f",
                "offsetPercentageX": 0,
                "offsetPercentageY": 0,
                "width": 2083,
                "height": 2500,
                "url": "https://lh3.ggpht.com/7eeRiDQLguCwPA7159-wn9Jd3AhGzmFzra0kda7SX5Vm1TqTW3sLf6UksceWq6MUJmrUSxVC5bCviXAMX1S0qd0lUi0=s0"
            },
            "headerImage": {
                "guid": "c8b8814f-6a3f-429d-a2fd-2d0b2380b278",
                "offsetPercentageX": 0,
                "offsetPercentageY": 0,
                "width": 1920,
                "height": 460,
                "url": "https://lh4.ggpht.com/7MNqSPsON_nuBu8FTQ8E-NpALOtbUgfEoyrJV7efW86Pxo_SuueubQmqy46jtWZYU9SiHLohb5elAoRbf9KvJ4cuJg=s0"
            },
            "productionPlaces": [
                "The Hague"
            ]
        },
        {
            "links": {
                "self": "http://www.rijksmuseum.nl/api/en/collection/BK-18305",
                "web": "http://www.rijksmuseum.nl/en/collection/BK-18305"
            },
            "id": "en-BK-18305",
            "objectNumber": "BK-18305",
            "title": "Portrait of Andries de Graeff",
            "hasImage": true,
            "principalOrFirstMaker": "Artus Quellinus (I)",
            "longTitle": "Portrait of Andries de Graeff, Artus Quellinus (I), 1661",
            "showImage": true,
            "permitDownload": true,
            "webImage": {
                "guid": "876923e7-ee7b-4339-b3f5-5f24f2788f1d",
                "offsetPercentageX": 0,
                "offsetPercentageY": 0,
                "width": 2085,
                "height": 2500,
                "url": "https://lh5.ggpht.com/Dm4qOkEfe0P9YqnN7s-KRxy6K_o4trePSnlVvGNg0TPGcKmiDS_sdmqqbSeSENg22FFjyIz0xI2CEJhkrk9IfmDYHwo=s0"
            },
            "headerImage": {
                "guid": "1d449c5c-2ea9-4e29-bb4f-161ad61a3094",
                "offsetPercentageX": 0,
                "offsetPercentageY": 0,
                "width": 1920,
                "height": 460,
                "url": "https://lh5.ggpht.com/857ue3MkLXfJLhmfO5M9kyyB7rXZ65RmagZgmJr2TG2JFshbBVwJdw7IrzU_PL1CuyPAgkRUPA_1yQrdzRkudUFlFvw=s0"
            },
            "productionPlaces": [
                "Amsterdam"
            ]
        },
        {
            "links": {
                "self": "http://www.rijksmuseum.nl/api/en/collection/BK-AM-33-J",
                "web": "http://www.rijksmuseum.nl/en/collection/BK-AM-33-J"
            },
            "id": "en-BK-AM-33-J",
            "objectNumber": "BK-AM-33-J",
            "title": "Ten weepers from the tomb of Isabella of Bourbon",
            "hasImage": true,
            "principalOrFirstMaker": "Borman workshop, Renier van Thienen (I)",
            "longTitle": "Ten weepers from the tomb of Isabella of Bourbon, Borman workshop (attributed to), Renier van Thienen (I) (attributed to), c. 1475 - c. 1476",
            "showImage": true,
            "permitDownload": true,
            "webImage": {
                "guid": "8d27cbc1-32a1-4b11-9e7e-ec624500e696",
                "offsetPercentageX": 0,
                "offsetPercentageY": 0,
                "width": 1656,
                "height": 2500,
                "url": "https://lh4.ggpht.com/-xIJabR1yHWNnbX277YqLXC0H4bcKRWEDvulNRXOi75nB-jHBsCwwraBSXOhQ7coAyltbAmPhfFvSb2NFlU5ibSbhA=s0"
            },
            "headerImage": {
                "guid": "67779922-063f-4100-bf5d-d6aa9bf18de8",
                "offsetPercentageX": 0,
                "offsetPercentageY": 0,
                "width": 1920,
                "height": 460,
                "url": "https://lh3.ggpht.com/_X1Q95ZKHi8XFHy-oL44YKCOgzPHREJumLNSoUnbIhGK-e0CRSYyxxipgInP--1OkyDazQZar3Wxr95Nsw3DWGWOrNg=s0"
            },
            "productionPlaces": [
                "Brussels"
            ]
        },
        {
            "links": {
[...]
{"x":3,"y":2,"url":"http://lh3.googleusercontent.com/YYrjHfJVDpHIseiAv8Lmv21Cx-PPPbEJKVQhE5WzxMzomgkWM1I2C1rka4H6zYvc7i5wWCxg7201rTkmbbvol0SFPw=s0"},{"x":4,"y":4,"url":"http://lh3.googleusercontent.com/Zq4q32RrpIdAVFaUOvQcHUZ5IN_pRK6XNIHyXAu6Bn6zGQsh15lyzrzV0f_rGOQmWr-DZ8hk8XlI8_ZUXOCLcHNJRhQ=s0"},{"x":7,"y":8,"url":"http://lh3.googleusercontent.com/uG-eVt-krt9FLJ87FIfWbJg8yG8enZYGeS5w88-MVHAIVSFUMoX_MLw1gXAKENojOGVnTee_8f4fEkH4IG-XJYtFmQ=s0"},{"x":6,"y":6,"url":"http://lh3.googleusercontent.com/0RC7pwviL77CMYSD52IHGv9avksigfwzsBnBldgwWz6tD4w-gOzYGbF3vtu7HMrSuVI5WAOOj5B4P6n58dctmO5VTL8=s0"},{"x":6,"y":1,"url":"http://lh3.googleusercontent.com/7ZJn9SY7ouQVod2QE7fLP883GZRsdK_MaMB1Cu4G2UnksX34Ti12RLaWAgfUmnUruIBvxi7dWX8pdPDcXovmSslq4fE=s0"},{"x":3,"y":8,"url":"http://lh3.googleusercontent.com/6TDXXhd6WADBel4ZvVXn_548HDkN9GYaMMwQkHsdwypKezOyfAfkUyqW0S8RQ1Q1YsTn0Bdfvom9jYbF13tFhaMLGVc=s0"},{"x":0,"y":7,"url":"http://lh3.googleusercontent.com/4_AhUPJPC6HwpJm_FmGnsX6YYHyKY5ji6bmR2e9bKzNFvEsfFBiygsmeH-nHpfi5qxIgZHDogsjl3Oo2pQUDMOVcedkI=s0"},{"x":3,"y":4,"url":"http://lh3.googleusercontent.com/1uS6AoqQM91zKqGoVLuqAix0r_ReMWS56ItcYEqGdBdHA37UWn9ygHdCbMB_wzYDg8O9EACot5lPepE3oIVFSAdh0PI=s0"},{"x":2,"y":3,"url":"http://lh3.googleusercontent.com/dNa1HMAp0notDRRtJd6Vj_p8jw0IGySlWv4fzm9f1ywR8wWkhwlTaV_ooKPHnC538kKMtawmjdkW2litqj59lGhMRw9g=s0"}]},{"name":"z1","width":2173,"height":2737,"tiles":[{"x":4,"y":2,"url":"http://lh3.googleusercontent.com/tKqC_0tUoWS3ZTnuUSo8RWOVR3lkgN9JmC275SqY4tC9_nYJdtlRLqt2zat6QFdTk-abDOabOnYogSG4tVCEXKUIEsVe=s0"},{"x":4,"y":1,"url":"http://lh3.googleusercontent.com/gN_IS4R-eDmLFIUKnnnPljFwYBYG_2OSYfzdCNOEQh-8a_Co24UuSTEnBhf9YyEzw47b2SOvYwbqisZd1BxOj7E_Xw=s0"},{"x":0,"y":4,"url":"http://lh3.googleusercontent.com/L3jWcaCjNwkKVyF44P32NghUmPvrRtIZYpFbEh3xc-Cj_82llTUSlA3i66HfH_RT40M4gPL6GD9_XygdGUyNPBaUQ1w=s0"},{"x":0,"y":3,"url":"http://lh3.googleusercontent.com/dv0R5waVo8N5GPpc5P-rXUaiDqCfo4w7EH_SSb5bIO1JAH3SiB38m5jeg2e6srCpFweToc79oNpbBcO44zakRXK8WoNv=s0"},{"x":0,"y":1,"url":"http://lh3.googleusercontent.com/CkX1sti5x8XRw-B6QQEhSuhR5I3j2TDAQsc_Kr8FhVibXv-2kv2p3wduWmHLhB1XPmwNLfY_Pw3Gu_OmgfBcEefr22Q=s0"},{"x":0,"y":5,"url":"http://lh3.googleusercontent.com/YL4XmaQzZxHdq9QN7Fdt9UXU1TKYJrIC5-mrMDMmRUQ0xbT7JJ3-0R-gfqDS_DvaRPIW5yoddpDFn3qrZEAO1xFy1kg=s0"},{"x":0,"y":2,"url":"http://lh3.googleusercontent.com/qm0avuK7MXxESWdd6oYC2nVToSn8xAObT2d9gKH5WieQARllf9jcTKvuOBhHzlnnbu-L8j9jFNEjsy7zpfQhXYa-l_Yq=s0"},{"x":3,"y":2,"url":"http://lh3.googleusercontent.com/1DmLFxYco6dZ_6swz600SdMxViUKgmI-4pKbDWT6MmqyI95gCrB7o_sOrm74hi0GcBg127Z6d4sEZ5_xh0lLdF3B_BHe=s0"},{"x":1,"y":5,"url":"http://lh3.googleusercontent.com/PE1XNXE6dn2cyvRoeYrD6pfyEQqOmULYjbED8vCYdX4En2uL2EXjFaXJwCk-lERYpIfkcCrnOo5nC_MnW6197XR0Yk8u=s0"},{"x":2,"y":3,"url":"http://lh3.googleusercontent.com/nfww5D83MG0stWPMChPKa38mmuDBKaw7GDbzaXnGTFohIqx4zkuNoYw4U_YjrMlHDcz0ATFz7bYky3aiCn3J7NkcSA=s0"},{"x":4,"y":4,"url":"http://lh3.googleusercontent.com/dfiZ1SCmXKcyUPH0oJIdUTkd-uiXFJK8Xw4X7p6qpswI3meWQrKQC312T4a2-Qyjz82v9DTRME_a_X7KH_TaB56JQA=s0"},{"x":3,"y":5,"url":"http://lh3.googleusercontent.com/wr3fYI-jeJNonUXYmhnDmxbWNh5p11kMZedf0d6rJ-XK9uZwqS3WIdNMp71c3II2RjjkgijjY7TnLH2y_V050CQxy3Y=s0"},{"x":1,"y":2,"url":"http://lh3.googleusercontent.com/Nnfb5LefdZi1pcyEepbzhiwELrFOFik5g-k5D5P2QI7aZbNpARDRofw1u3QC83VfsTiYbb1JzfZ13dxjcg4yllcI8g=s0"},{"x":4,"y":3,"url":"http://lh3.googleusercontent.com/h2POw7iccQWyDS1LZ_rzM408_MR9T9ZWMfQteMI2gUUdXu3HeKPsWWL1-ADnOkGDTBsOyUnJ2Yrxj63HQxtbM9Pxf48=s0"},{"x":1,"y":4,"url":"http://lh3.googleusercontent.com/lWnlV9wtlZ6zU_VgewuKAAwZvPnsgiaZ1ifbeF8-uWzxu8yS4s_ieue2co3uUckzDViBNLkVW384Exqv5UU36_ZECfRc=s0"},{"x":2,"y":0,"url":"http://lh3.googleusercontent.com/6FhDQnO_PveDtS-dtRf4mj0syVZV0UU3Tl2Rei5e2sPf6H1gtv_fP2TvSOC4svDwlt5nKmLzGx70DVjg93NoZoYZDsyB=s0"},{"x":1,"y":1,"url":"http://lh3.googleusercontent.com/7dG5gGFi1XC_ztzJN9yeeS7cVfZvqfQadJ_KxqlXjdZ7QKYRsEEpgMfZLfmOYG7txqPPfG4MtmKUCQmqrImX2o-lp5w=s0"},{"x":4,"y":0,"url":"http://lh3.googleusercontent.com/_0oM1UNNvnZmCXA-qwDLfYHtoQjHRi3uvJxGsS9MrIeLDK5Erk8UWA-EAYSIv4iVwjsOoOk9Oy--KUgWnyVI07uDCA=s0"},{"x":3,"y":4,"url":"http://lh3.googleusercontent.com/RUkFvvfHFWiQsxYH9nbMpObxEe-ZCG9xAkqGAV32Nipln5mKDcMpE3P-VJxGnt2p0k7lLrBMoGorwfl3mJDvXg9VVuU=s0"},{"x":2,"y":1,"url":"http://lh3.googleusercontent.com/FoPQyoiWHDE-L1qkIWmwg_7Z2AHqAj0kDU9Yd2tB-dDxfGJWlxqvyk8Oxd_W_dRVwd_MwX93HuYla7Kh649mphmay_o=s0"},{"x":2,"y":4,"url":"http://lh3.googleusercontent.com/jTp8rtxM8Tvrn9MmCXP2_R3BNi-1ywRRz5ejfO2yYC9kgZ5Uzt3NsVuerOa0zVbchNh7JDz_NMObvHPdawqRT5A82KE=s0"},{"x":2,"y":2,"url":"http://lh3.googleusercontent.com/bSmb-aJYX_uipUHVwaeJUD633Knss3dFihLDMooEND0TCWSHqKzPjd650HcA7lgNCSG1whv-2iW8hYmqwbry2b3MWPs=s0"},{"x":0,"y":0,"url":"http://lh3.googleusercontent.com/bK2DfoHpxr_RvJkFTZcQL9a04kJdsDxShpQwcxPYUlvas9U__sWdbjvi6P2T-qdykg9J6sWgJ_rnXgiJKeHt1G_NPA=s0"},{"x":4,"y":5,"url":"http://lh3.googleusercontent.com/ZIaifj9NYCE20Wuw4Ua9RTBDfJM8Iy8eD-kIRv7zyMNL7oadPDPkW0dAFIHFALVT3M9HET5J7VboUb5dz8gdTYkypw=s0"},{"x":2,"y":5,"url":"http://lh3.googleusercontent.com/V0U70b0flMR61uti-mWMO63d2RoQM374t5EjoMBY8r8cGWPKh-DyuFWpgZpbJiDjB3RdXLIMXDqvFWberGbxaa6hVg=s0"},{"x":1,"y":3,"url":"http://lh3.googleusercontent.com/_aWpKQsWHBXmiXr0r4r87lXdX5JW0VxeDwsbozox33qmouEOimU-86QByTRtqpxNiW4sceOrfx4SlBI6JC5_x1sqgrvp=s0"},{"x":1,"y":0,"url":"http://lh3.googleusercontent.com/Hjsg7ADGQSGUoSFC8Aoi9IdD7LSebcyjxLJKLD3doCPm0oFxPiNhrsah1oGFcghrqtnhZmRldpJwySuITzR7gVN4d6Y=s0"},{"x":3,"y":1,"url":"http://lh3.googleusercontent.com/6P83erDavKs4EAiKmD8jqB7RH8fxUMWbcGblscC_RycGz7CoFArNbJwFPCK882YYqgPktVc9YTNku4Q091KZsgG_lQA=s0"},{"x":3,"y":3,"url":"http://lh3.googleusercontent.com/eLqJHabzSrpgxLujMevnlwywuLTB_1ZtNdUV9NKRseRyicYKLVzY27La9kqsN49Yuepd6rrsMN1x9oumbx-RCOUsrQ=s0"},{"x":3,"y":0,"url":"http://lh3.googleusercontent.com/6f_j6YNpsy0RI7BgLMp1Lul_aNAYyQBZSKay_x6zZ6T6fCIeU4H8AICbf-e7587wVIfrjxZSEysUMXb6rGxPZK1QzHE=s0"}]},{"name":"z2","width":1086,"height":1368,"tiles":[{"x":2,"y":1,"url":"http://lh3.googleusercontent.com/8MCn6s8bNwsENPeWoJ_SBIyJct49d7_zTPn7WYy2-Jzcsi6lfddgWu0SlFyWkTA3B2HYuf_NOu_32ahcIwYF_5G-5hTg=s0"},{"x":2,"y":0,"url":"http://lh3.googleusercontent.com/nJyW1dhbXKhP2TXvPDTfQ2bIAvXGiwq0REhtX6kLLpzM4zUjf2RuwprimvdpfiOmS-WkXkeJ_GnSciKtPuxvVRMl-LZm=s0"},{"x":0,"y":2,"url":"http://lh3.googleusercontent.com/h2aPXHmsCWYQQSvn6tM4W5BHtNLPTELJ79L0g3Hu6joP27ZganbYOZgL9hhBg4uvfipzEWlb7969h90cTu_HRyuL7Nk=s0"},{"x":0,"y":1,"url":"http://lh3.googleusercontent.com/kwlB6Bi3I_ibO2BN84CIMlnwcMnzeSfQznFgYTtueslX6M6TbknuKihbATCXgw9G4HK9fJqLfLxqhFA_1o-Ex4HC0u0=s0"},{"x":2,"y":2,"url":"http://lh3.googleusercontent.com/bXuSGzVUIAz-bi0pkfxlPwlyc6rhp5k7GY2wNNriqawaDNftpddN5h7DDQXAQUKDVvtRj50AfXmVYAoz0sePqihRT8k=s0"},{"x":1,"y":2,"url":"http://lh3.googleusercontent.com/pmLzF-9Y9BlmxjlwyvZ_S60pFziYTsLNhwq1rwhzcZIY_69-DHY0AfLhyYPkkD7TFw0DpfzUGAV8m4yPBI9uTrt8gVtL=s0"},{"x":0,"y":0,"url":"http://lh3.googleusercontent.com/nCaJpk0CrW-XtleGupNwWcZCYqhNqk89st4LmFvw9pIuBXgIS1uZTmaGpxPsd281rRzmxRsPXQ1eOTEgVz1soorqX8lA=s0"},{"x":1,"y":1,"url":"http://lh3.googleusercontent.com/6MeWni2qj7xVlqWzTRzKfZ21abkr5HEVzB3iFz610oRb47FPr2nna-2gW7NGaeifxrvYbK7FXZ3B2_v8KJ1JKPahXbo=s0"},{"x":1,"y":0,"url":"http://lh3.googleusercontent.com/DrYVJMGRacyLWtBy_p8NeHwstjIQsseQ5DYkN0qT_lJ9JtEYFcSEdkd4LZyuUUxaVIDAjfQG_Hxh8azwLNA30rPnCJo=s0"}]},{"name":"z3","width":543,"height":684,"tiles":[{"x":1,"y":1,"url":"http://lh3.googleusercontent.com/CW-EUKX7S8kUdzeQjOKB76UFJNFnJCGQipBrY8Snt8yMZdHVZSNnYlkC2iADreFWh6yBBXUB6g2ACW-eTmSbbzpiAOle=s0"},{"x":1,"y":0,"url":"http://lh3.googleusercontent.com/nac0uNL9JMjK92hp1uVz-s1e8unYvrBJsF_MJLdIsWOxwv8kFKYQg81CXw9LGxPHbZhAwTGlK8U0yYBnmY4oZ2FHgno=s0"},{"x":0,"y":0,"url":"http://lh3.googleusercontent.com/OFVL51-7KMOFfpVmfTDvevRhZTspfK4K_Cm6VD-RJB7haOfBCcDyOKpvxaQeqkzSK87R5SXHGlImf7AAGmKP39OI7Z7d=s0"},{"x":0,"y":1,"url":"http://lh3.googleusercontent.com/S01uC7dORBKC3snrv6gvX1bmgxHz-BwKY55ZofCiMdPyXzs9eDRuoKm-U0_4VvR0b3CwZP26wcwzowlP1HJpmS9lvbI=s0"}]},{"name":"z5","width":135,"height":171,"tiles":[{"x":0,"y":0,"url":"http://lh3.googleusercontent.com/MDRTVmgFGOjU-mTIz4MhKdmn0UyM5_Ju_7BxLp03IwVJXW_g0_e37NT9stuKS7G1rRegPOMTrmmH7zYXM6BCzAV5Kw=s0"}]},{"name":"z4","width":271,"height":342,"tiles":[{"x":0,"y":0,"url":"http://lh3.googleusercontent.com/iStr1F6fJapOZNz8XIuoaxoZvC_hJc9_qK805jCNO1WoCKb7Oaix23UbECNlz6nDBnlKu_O6ZipEmq43paAKY1EsTD8=s0"}]}]}
]]></system-out>
  </testcase>
  <testcase name="As a user I should get the maker data" classname="Get the maker data" time="0.276">
    <failure message="expected:&lt;[Schelpenvisser, Vincent van Gogh (possibly), 1863 - 1890]&gt; but was:&lt;[De aardappeleters, Vincent van Gogh, 1885]&gt;" type="org.junit.ComparisonFailure"><![CDATA[org.junit.ComparisonFailure: expected:<[Schelpenvisser, Vincent van Gogh (possibly), 1863 - 1890]> but was:<[De aardappeleters, Vincent van Gogh, 1885]>
	at org.junit.Assert.assertEquals(Assert.java:117)
	at org.junit.Assert.assertEquals(Assert.java:146)
	at services.InvolvedMaker.verifyMakerData(InvolvedMaker.java:38)
	at Step_Defs.InvolvedMaker_StepDefs.userVerifyThatTheStatusCodeShouldBe(InvolvedMaker_StepDefs.java:24)
	at ✽.User verify that the status code should be 200(file:///C:/Users/admin/IdeaProjects/Albert%20Heijn%20Assignment/src/test/resources/Features/involvedMaker.feature:6)
]]></failure>
    <system-out><![CDATA[Request method:	GET
Request URI:	https://www.rijksmuseum.nl/api/en/collection?key=0fiuZFh4&involvedMaker=Vincent%20van%20Gogh
Proxy:			<none>
Request params:	<none>
Query params:	key=0fiuZFh4
				involvedMaker=Vincent van Gogh
Form params:	<none>
Path params:	culture=en
Headers:		Accept=*/*
				Content-Type=application/json
Cookies:		<none>
Multiparts:		<none>
Body:			<none>
Request method:	GET
Request URI:	https://www.rijksmuseum.nl/api/en/collection?key=0fiuZFh4&involvedMaker=Vincent%20van%20Gogh
Proxy:			<none>
Request params:	<none>
Query params:	key=0fiuZFh4
				involvedMaker=Vincent van Gogh
Form params:	<none>
Path params:	culture=en
Headers:		Accept=*/*
				Content-Type=application/json
Cookies:		<none>
Multiparts:		<none>
Body:			<none>
]]></system-out>
  </testcase>
  <testcase name="As a user I should not get invalid maker data" classname="Get the maker data" time="0.295">
    <failure message="1 expectation failed.&#10;Expected status code &lt;404&gt; but was &lt;200&gt;.&#10;" type="java.lang.AssertionError"><![CDATA[java.lang.AssertionError: 
1 expectation failed.
Expected status code <404> but was <200>.

	at java.base/jdk.internal.reflect.NativeConstructorAccessorImpl.newInstance0(Native Method)
	at java.base/jdk.internal.reflect.NativeConstructorAccessorImpl.newInstance(NativeConstructorAccessorImpl.java:77)
	at java.base/jdk.internal.reflect.DelegatingConstructorAccessorImpl.newInstance(DelegatingConstructorAccessorImpl.java:45)
	at java.base/java.lang.reflect.Constructor.newInstanceWithCaller(Constructor.java:499)
	at java.base/java.lang.reflect.Constructor.newInstance(Constructor.java:480)
	at org.codehaus.groovy.reflection.CachedConstructor.invoke(CachedConstructor.java:72)
	at org.codehaus.groovy.runtime.callsite.ConstructorSite$ConstructorSiteNoUnwrapNoCoerce.callConstructor(ConstructorSite.java:105)
	at org.codehaus.groovy.runtime.callsite.AbstractCallSite.callConstructor(AbstractCallSite.java:277)
	at io.restassured.internal.ResponseSpecificationImpl$HamcrestAssertionClosure.validate(ResponseSpecificationImpl.groovy:499)
	at io.restassured.internal.ResponseSpecificationImpl$HamcrestAssertionClosure$validate$1.call(Unknown Source)
	at io.restassured.internal.ResponseSpecificationImpl.validateResponseIfRequired(ResponseSpecificationImpl.groovy:684)
	at java.base/jdk.internal.reflect.NativeMethodAccessorImpl.invoke0(Native Method)
	at java.base/jdk.internal.reflect.NativeMethodAccessorImpl.invoke(NativeMethodAccessorImpl.java:77)
	at java.base/jdk.internal.reflect.DelegatingMethodAccessorImpl.invoke(DelegatingMethodAccessorImpl.java:43)
	at java.base/java.lang.reflect.Method.invoke(Method.java:568)
	at org.codehaus.groovy.runtime.callsite.PlainObjectMetaMethodSite.doInvoke(PlainObjectMetaMethodSite.java:43)
	at org.codehaus.groovy.runtime.callsite.PogoMetaMethodSite$PogoCachedMethodSiteNoUnwrapNoCoerce.invoke(PogoMetaMethodSite.java:193)
	at org.codehaus.groovy.runtime.callsite.PogoMetaMethodSite.callCurrent(PogoMetaMethodSite.java:61)
	at org.codehaus.groovy.runtime.callsite.AbstractCallSite.callCurrent(AbstractCallSite.java:185)
	at io.restassured.internal.ResponseSpecificationImpl.statusCode(ResponseSpecificationImpl.groovy:127)
	at io.restassured.specification.ResponseSpecification$statusCode$0.callCurrent(Unknown Source)
	at io.restassured.internal.ResponseSpecificationImpl.statusCode(ResponseSpecificationImpl.groovy:135)
	at io.restassured.internal.ValidatableResponseOptionsImpl.statusCode(ValidatableResponseOptionsImpl.java:89)
	at io.restassured.internal.ValidatableResponseImpl.super$2$statusCode(ValidatableResponseImpl.groovy)
	at java.base/jdk.internal.reflect.NativeMethodAccessorImpl.invoke0(Native Method)
	at java.base/jdk.internal.reflect.NativeMethodAccessorImpl.invoke(NativeMethodAccessorImpl.java:77)
	at java.base/jdk.internal.reflect.DelegatingMethodAccessorImpl.invoke(DelegatingMethodAccessorImpl.java:43)
	at java.base/java.lang.reflect.Method.invoke(Method.java:568)
	at org.codehaus.groovy.reflection.CachedMethod.invoke(CachedMethod.java:107)
	at groovy.lang.MetaMethod.doMethodInvoke(MetaMethod.java:323)
	at groovy.lang.MetaClassImpl.invokeMethod(MetaClassImpl.java:1268)
	at org.codehaus.groovy.runtime.ScriptBytecodeAdapter.invokeMethodOnSuperN(ScriptBytecodeAdapter.java:144)
	at io.restassured.internal.ValidatableResponseImpl.statusCode(ValidatableResponseImpl.groovy:142)
	at io.restassured.internal.ValidatableResponseImpl.statusCode(ValidatableResponseImpl.groovy)
	at services.InvolvedMaker.verifyMakerData(InvolvedMaker.java:26)
	at Step_Defs.InvolvedMaker_StepDefs.statusCodeShouldBe(InvolvedMaker_StepDefs.java:19)
	at ✽.Status code should be 404(file:///C:/Users/admin/IdeaProjects/Albert%20Heijn%20Assignment/src/test/resources/Features/involvedMaker.feature:10)
]]></failure>
    <system-out><![CDATA[Request method:	GET
Request URI:	https://www.rijksmuseum.nl/api/en/collection?key=0fiuZFh4&involvedMaker=Ahmet%20Nederland
Proxy:			<none>
Request params:	<none>
Query params:	key=0fiuZFh4
				involvedMaker=Ahmet Nederland
Form params:	<none>
Path params:	culture=en
Headers:		Accept=*/*
				Content-Type=application/json
Cookies:		<none>
Multiparts:		<none>
Body:			<none>
Request method:	GET
Request URI:	https://www.rijksmuseum.nl/api/en/collection?key=0fiuZFh4&involvedMaker=Ahmet%20Nederland
Proxy:			<none>
Request params:	<none>
Query params:	key=0fiuZFh4
				involvedMaker=Ahmet Nederland
Form params:	<none>
Path params:	culture=en
Headers:		Accept=*/*
				Content-Type=application/json
Cookies:		<none>
Multiparts:		<none>
Body:			<none>
]]></system-out>
  </testcase>
  <testcase name="As a user I should search any item in data #1" classname="Search the items" time="1.534">
    <system-out><![CDATA[Request method:	GET
Request URI:	https://www.rijksmuseum.nl/api/en/collection?key=0fiuZFh4&q=Amsterdam
Proxy:			<none>
Request params:	<none>
Query params:	key=0fiuZFh4
				q=Amsterdam
Form params:	<none>
Path params:	culture=en
Headers:		Accept=*/*
				Content-Type=application/json
Cookies:		<none>
Multiparts:		<none>
Body:			<none>
]]></system-out>
  </testcase>
  <testcase name="As a user I should search any item in data #2" classname="Search the items" time="0.193">
    <system-out><![CDATA[Request method:	GET
Request URI:	https://www.rijksmuseum.nl/api/en/collection?key=0fiuZFh4&q=Harlem
Proxy:			<none>
Request params:	<none>
Query params:	key=0fiuZFh4
				q=Harlem
Form params:	<none>
Path params:	culture=en
Headers:		Accept=*/*
				Content-Type=application/json
Cookies:		<none>
Multiparts:		<none>
Body:			<none>
]]></system-out>
  </testcase>
  <testcase name="As a user I should search any item in data #3" classname="Search the items" time="1.845">
    <system-out><![CDATA[Request method:	GET
Request URI:	https://www.rijksmuseum.nl/api/en/collection?key=0fiuZFh4&q=Japan
Proxy:			<none>
Request params:	<none>
Query params:	key=0fiuZFh4
				q=Japan
Form params:	<none>
Path params:	culture=en
Headers:		Accept=*/*
				Content-Type=application/json
Cookies:		<none>
Multiparts:		<none>
Body:			<none>
]]></system-out>
  </testcase>
  <testcase name="As a user I should search any item in data #4" classname="Search the items" time="0.243">
    <system-out><![CDATA[Request method:	GET
Request URI:	https://www.rijksmuseum.nl/api/en/collection?key=0fiuZFh4&q=Vincent%20van%20Gogh
Proxy:			<none>
Request params:	<none>
Query params:	key=0fiuZFh4
				q=Vincent van Gogh
Form params:	<none>
Path params:	culture=en
Headers:		Accept=*/*
				Content-Type=application/json
Cookies:		<none>
Multiparts:		<none>
Body:			<none>
]]></system-out>
  </testcase>
  <testcase name="As a user I should search any item in data #5" classname="Search the items" time="0.242">
    <system-out><![CDATA[Request method:	GET
Request URI:	https://www.rijksmuseum.nl/api/en/collection?key=0fiuZFh4&q=Ahmet%20YAZILITAS
Proxy:			<none>
Request params:	<none>
Query params:	key=0fiuZFh4
				q=Ahmet YAZILITAS
Form params:	<none>
Path params:	culture=en
Headers:		Accept=*/*
				Content-Type=application/json
Cookies:		<none>
Multiparts:		<none>
Body:			<none>
]]></system-out>
  </testcase>
  <testcase name="As a User I should sort artist from a to z" classname="Sort artists a-z" time="1.349">
    <failure message="expected:&lt;[Pieter van der Aa (I)]&gt; but was:&lt;[anonymous]&gt;" type="org.junit.ComparisonFailure"><![CDATA[org.junit.ComparisonFailure: expected:<[Pieter van der Aa (I)]> but was:<[anonymous]>
	at org.junit.Assert.assertEquals(Assert.java:117)
	at org.junit.Assert.assertEquals(Assert.java:146)
	at services.SortArtists.verifyArtistFromAToZ(SortArtists.java:42)
	at Step_Defs.sortArtists_StepDefs.verifyThatFirstArtistIsLastArtistIs(sortArtists_StepDefs.java:21)
	at ✽.Verify that first artist is"'s Gravenhaagsche Courant- en Boekdrukkerij", last artist is "Pieter van der Aa (I)"(file:///C:/Users/admin/IdeaProjects/Albert%20Heijn%20Assignment/src/test/resources/Features/sortArtist.feature:7)
]]></failure>
    <system-out><![CDATA[Request method:	GET
Request URI:	https://www.rijksmuseum.nl/api/en/collection?key=0fiuZFh4&p=1&ps=100&s=artist
Proxy:			<none>
Request params:	<none>
Query params:	key=0fiuZFh4
				p=1
				ps=100
				s=artist
Form params:	<none>
Path params:	culture=en
Headers:		Accept=*/*
				Content-Type=application/json
Cookies:		<none>
Multiparts:		<none>
Body:			<none>
]]></system-out>
  </testcase>
  <testcase name="As a user should sort the artistDesc from z to a" classname="Sort artists a-z" time="1.153">
    <failure message="expected:&lt;[Pieter van der Aa (I)]&gt; but was:&lt;[Zyg-Brunner]&gt;" type="org.junit.ComparisonFailure"><![CDATA[org.junit.ComparisonFailure: expected:<[Pieter van der Aa (I)]> but was:<[Zyg-Brunner]>
	at org.junit.Assert.assertEquals(Assert.java:117)
	at org.junit.Assert.assertEquals(Assert.java:146)
	at services.SortArtists.verifyArtistFromZToA(SortArtists.java:48)
	at Step_Defs.sortArtists_StepDefs.verifyFirstArtistIsLastArtistIs(sortArtists_StepDefs.java:40)
	at ✽.Verify first artist is"Pieter van der Aa (I)", last artist is "'s Gravenhaagsche Courant- en Boekdrukkerij"(file:///C:/Users/admin/IdeaProjects/Albert%20Heijn%20Assignment/src/test/resources/Features/sortArtist.feature:14)
]]></failure>
    <system-out><![CDATA[Request method:	GET
Request URI:	https://www.rijksmuseum.nl/api/en/collection?key=0fiuZFh4&p=1&ps=100&s=artistdesc
Proxy:			<none>
Request params:	<none>
Query params:	key=0fiuZFh4
				p=1
				ps=100
				s=artistdesc
Form params:	<none>
Path params:	culture=en
Headers:		Accept=*/*
				Content-Type=application/json
Cookies:		<none>
Multiparts:		<none>
Body:			<none>
]]></system-out>
  </testcase>
</testsuite>